  [1m[35m (203.7ms)[0m  [1m[35mCREATE DATABASE "simplepasswordmanager_development" ENCODING = 'unicode'[0m
  [1m[35m (136.6ms)[0m  [1m[35mCREATE DATABASE "simplepasswordmanager_test" ENCODING = 'unicode'[0m
  [1m[35m (4.0ms)[0m  [1m[35mCREATE TABLE "schema_migrations" ("version" character varying NOT NULL PRIMARY KEY)[0m
  [1m[35m (3.0ms)[0m  [1m[35mCREATE TABLE "ar_internal_metadata" ("key" character varying NOT NULL PRIMARY KEY, "value" character varying, "created_at" timestamp(6) NOT NULL, "updated_at" timestamp(6) NOT NULL)[0m
  [1m[35m (0.3ms)[0m  [1m[34mSELECT pg_try_advisory_lock(8391560978737391280)[0m
  [1m[36mActiveRecord::SchemaMigration Pluck (0.6ms)[0m  [1m[34mSELECT "schema_migrations"."version" FROM "schema_migrations" ORDER BY "schema_migrations"."version" ASC[0m
Migrating to DeviseCreateUsers (20231202164052)
  [1m[36mTRANSACTION (0.3ms)[0m  [1m[35mBEGIN[0m
  [1m[35m (3.7ms)[0m  [1m[35mCREATE TABLE "users" ("id" bigserial primary key, "email" character varying DEFAULT '' NOT NULL, "encrypted_password" character varying DEFAULT '' NOT NULL, "reset_password_token" character varying, "reset_password_sent_at" timestamp(6), "remember_created_at" timestamp(6), "created_at" timestamp(6) NOT NULL, "updated_at" timestamp(6) NOT NULL)[0m
  [1m[35m (1.2ms)[0m  [1m[35mCREATE UNIQUE INDEX "index_users_on_email" ON "users" ("email")[0m
  [1m[35m (1.1ms)[0m  [1m[35mCREATE UNIQUE INDEX "index_users_on_reset_password_token" ON "users" ("reset_password_token")[0m
  [1m[36mActiveRecord::SchemaMigration Create (0.5ms)[0m  [1m[32mINSERT INTO "schema_migrations" ("version") VALUES ($1) RETURNING "version"[0m  [["version", "20231202164052"]]
  [1m[36mTRANSACTION (0.6ms)[0m  [1m[35mCOMMIT[0m
  [1m[36mActiveRecord::InternalMetadata Load (0.4ms)[0m  [1m[34mSELECT "ar_internal_metadata".* FROM "ar_internal_metadata" WHERE "ar_internal_metadata"."key" = $1 LIMIT $2[0m  [["key", "environment"], ["LIMIT", 1]]
  [1m[36mTRANSACTION (0.2ms)[0m  [1m[35mBEGIN[0m
  [1m[36mActiveRecord::InternalMetadata Create (0.6ms)[0m  [1m[32mINSERT INTO "ar_internal_metadata" ("key", "value", "created_at", "updated_at") VALUES ($1, $2, $3, $4) RETURNING "key"[0m  [["key", "environment"], ["value", "development"], ["created_at", "2023-12-02 16:44:50.657414"], ["updated_at", "2023-12-02 16:44:50.657414"]]
  [1m[36mTRANSACTION (0.6ms)[0m  [1m[35mCOMMIT[0m
  [1m[35m (0.3ms)[0m  [1m[34mSELECT pg_advisory_unlock(8391560978737391280)[0m
  [1m[36mActiveRecord::SchemaMigration Pluck (0.7ms)[0m  [1m[34mSELECT "schema_migrations"."version" FROM "schema_migrations" ORDER BY "schema_migrations"."version" ASC[0m
  [1m[35m (0.2ms)[0m  [1m[34mSELECT pg_try_advisory_lock(8391560978737391280)[0m
  [1m[36mActiveRecord::SchemaMigration Pluck (0.6ms)[0m  [1m[34mSELECT "schema_migrations"."version" FROM "schema_migrations" ORDER BY "schema_migrations"."version" ASC[0m
Migrating to CreatePasswords (20231202164652)
  [1m[36mTRANSACTION (0.1ms)[0m  [1m[35mBEGIN[0m
  [1m[35m (6.9ms)[0m  [1m[35mCREATE TABLE "passwords" ("id" bigserial primary key, "url" character varying, "username" character varying, "password" character varying, "user_id" bigint NOT NULL, "created_at" timestamp(6) NOT NULL, "updated_at" timestamp(6) NOT NULL, CONSTRAINT "fk_rails_cac37af949"
FOREIGN KEY ("user_id")
  REFERENCES "users" ("id")
)[0m
  [1m[35m (0.9ms)[0m  [1m[35mCREATE INDEX "index_passwords_on_user_id" ON "passwords" ("user_id")[0m
  [1m[36mActiveRecord::SchemaMigration Create (0.7ms)[0m  [1m[32mINSERT INTO "schema_migrations" ("version") VALUES ($1) RETURNING "version"[0m  [["version", "20231202164652"]]
  [1m[36mTRANSACTION (0.6ms)[0m  [1m[35mCOMMIT[0m
  [1m[36mActiveRecord::InternalMetadata Load (0.6ms)[0m  [1m[34mSELECT "ar_internal_metadata".* FROM "ar_internal_metadata" WHERE "ar_internal_metadata"."key" = $1 LIMIT $2[0m  [["key", "environment"], ["LIMIT", 1]]
  [1m[35m (0.4ms)[0m  [1m[34mSELECT pg_advisory_unlock(8391560978737391280)[0m
  [1m[36mActiveRecord::SchemaMigration Pluck (0.8ms)[0m  [1m[34mSELECT "schema_migrations"."version" FROM "schema_migrations" ORDER BY "schema_migrations"."version" ASC[0m
  [1m[35m (0.1ms)[0m  [1m[34mSELECT pg_try_advisory_lock(8391560978737391280)[0m
  [1m[36mActiveRecord::SchemaMigration Pluck (0.6ms)[0m  [1m[34mSELECT "schema_migrations"."version" FROM "schema_migrations" ORDER BY "schema_migrations"."version" ASC[0m
  [1m[36mActiveRecord::InternalMetadata Load (0.3ms)[0m  [1m[34mSELECT "ar_internal_metadata".* FROM "ar_internal_metadata" WHERE "ar_internal_metadata"."key" = $1 LIMIT $2[0m  [["key", "environment"], ["LIMIT", 1]]
  [1m[35m (0.3ms)[0m  [1m[34mSELECT pg_advisory_unlock(8391560978737391280)[0m
  [1m[36mActiveRecord::SchemaMigration Pluck (0.6ms)[0m  [1m[34mSELECT "schema_migrations"."version" FROM "schema_migrations" ORDER BY "schema_migrations"."version" ASC[0m
  [1m[36mTRANSACTION (0.2ms)[0m  [1m[35mBEGIN[0m
  [1m[36mUser Load (2.3ms)[0m  [1m[34mSELECT "users".* FROM "users" WHERE "users"."id" = $1 LIMIT $2[0m  [["id", 1], ["LIMIT", 1]]
  [1m[36mTRANSACTION (0.2ms)[0m  [1m[31mROLLBACK[0m
Started GET "/" for 127.0.0.1 at 2023-12-02 17:02:33 +0000
  [1m[36mActiveRecord::SchemaMigration Pluck (0.5ms)[0m  [1m[34mSELECT "schema_migrations"."version" FROM "schema_migrations" ORDER BY "schema_migrations"."version" ASC[0m
Processing by Rails::WelcomeController#index as HTML
  Rendering /Users/veselinkaramfilov/.rvm/gems/ruby-3.2.2/gems/railties-7.0.8/lib/rails/templates/rails/welcome/index.html.erb
  Rendered /Users/veselinkaramfilov/.rvm/gems/ruby-3.2.2/gems/railties-7.0.8/lib/rails/templates/rails/welcome/index.html.erb (Duration: 3.3ms | Allocations: 632)
Completed 200 OK in 41ms (Views: 12.0ms | ActiveRecord: 0.0ms | Allocations: 6305)


Started GET "/users_sign_in" for 127.0.0.1 at 2023-12-02 17:02:48 +0000
  
ActionController::RoutingError (No route matches [GET] "/users_sign_in"):
  
Started GET "/users/sign_in" for 127.0.0.1 at 2023-12-02 17:03:09 +0000
Processing by Devise::SessionsController#new as HTML
  Rendering layout layouts/application.html.erb
  Rendering devise/sessions/new.html.erb within layouts/application
  Rendered devise/shared/_links.html.erb (Duration: 2.0ms | Allocations: 675)
  Rendered devise/sessions/new.html.erb within layouts/application (Duration: 23.5ms | Allocations: 4535)
  Rendered layout layouts/application.html.erb (Duration: 451.7ms | Allocations: 96207)
Completed 200 OK in 473ms (Views: 453.9ms | ActiveRecord: 3.5ms | Allocations: 103464)


Started GET "/users/sign_up" for 127.0.0.1 at 2023-12-02 17:03:14 +0000
Processing by Devise::RegistrationsController#new as HTML
  Rendering layout layouts/application.html.erb
  Rendering devise/registrations/new.html.erb within layouts/application
  Rendered devise/shared/_error_messages.html.erb (Duration: 1.3ms | Allocations: 234)
  Rendered devise/shared/_links.html.erb (Duration: 0.6ms | Allocations: 156)
  Rendered devise/registrations/new.html.erb within layouts/application (Duration: 6.6ms | Allocations: 2085)
  Rendered layout layouts/application.html.erb (Duration: 9.1ms | Allocations: 4509)
Completed 200 OK in 48ms (Views: 10.5ms | ActiveRecord: 0.0ms | Allocations: 5585)


Started POST "/users" for 127.0.0.1 at 2023-12-02 17:03:22 +0000
Processing by Devise::RegistrationsController#create as HTML
  Parameters: {"authenticity_token"=>"[FILTERED]", "user"=>{"email"=>"veselinyurievkaramfilov@gmail.com", "password"=>"[FILTERED]", "password_confirmation"=>"[FILTERED]"}, "commit"=>"Sign up"}
  [1m[36mTRANSACTION (0.1ms)[0m  [1m[35mBEGIN[0m
  [1m[36mUser Exists? (0.6ms)[0m  [1m[34mSELECT 1 AS one FROM "users" WHERE "users"."email" = $1 LIMIT $2[0m  [["email", "veselinyurievkaramfilov@gmail.com"], ["LIMIT", 1]]
  [1m[36mUser Create (4.1ms)[0m  [1m[32mINSERT INTO "users" ("email", "encrypted_password", "reset_password_token", "reset_password_sent_at", "remember_created_at", "created_at", "updated_at") VALUES ($1, $2, $3, $4, $5, $6, $7) RETURNING "id"[0m  [["email", "veselinyurievkaramfilov@gmail.com"], ["encrypted_password", "[FILTERED]"], ["reset_password_token", "[FILTERED]"], ["reset_password_sent_at", "[FILTERED]"], ["remember_created_at", nil], ["created_at", "2023-12-02 17:03:22.763677"], ["updated_at", "2023-12-02 17:03:22.763677"]]
  [1m[36mTRANSACTION (0.7ms)[0m  [1m[35mCOMMIT[0m
Redirected to http://127.0.0.1:3000/
Completed 303 See Other in 305ms (ActiveRecord: 5.5ms | Allocations: 10694)


Started GET "/" for 127.0.0.1 at 2023-12-02 17:03:22 +0000
Processing by Rails::WelcomeController#index as HTML
  Rendering /Users/veselinkaramfilov/.rvm/gems/ruby-3.2.2/gems/railties-7.0.8/lib/rails/templates/rails/welcome/index.html.erb
  Rendered /Users/veselinkaramfilov/.rvm/gems/ruby-3.2.2/gems/railties-7.0.8/lib/rails/templates/rails/welcome/index.html.erb (Duration: 1.4ms | Allocations: 271)
Completed 200 OK in 3ms (Views: 2.2ms | ActiveRecord: 0.0ms | Allocations: 820)


Started GET "/" for 127.0.0.1 at 2023-12-02 17:18:39 +0000
  [1m[36mActiveRecord::SchemaMigration Pluck (0.7ms)[0m  [1m[34mSELECT "schema_migrations"."version" FROM "schema_migrations" ORDER BY "schema_migrations"."version" ASC[0m
Processing by PasswordsController#index as HTML
  [1m[36mUser Load (0.6ms)[0m  [1m[34mSELECT "users".* FROM "users" WHERE "users"."id" = $1 ORDER BY "users"."id" ASC LIMIT $2[0m  [["id", 1], ["LIMIT", 1]]
  Rendering layout layouts/application.html.erb
  Rendering passwords/index.html.erb within layouts/application
  [1m[36mPassword Load (1.4ms)[0m  [1m[34mSELECT "passwords".* FROM "passwords"[0m
  ↳ app/views/passwords/index.html.erb:6
  Rendered passwords/index.html.erb within layouts/application (Duration: 4.0ms | Allocations: 1273)
  Rendered layout layouts/application.html.erb (Duration: 429.9ms | Allocations: 40516)
Completed 200 OK in 480ms (Views: 432.9ms | ActiveRecord: 6.4ms | Allocations: 55319)


Started GET "/passwords/new" for 127.0.0.1 at 2023-12-02 17:19:13 +0000
Processing by PasswordsController#new as HTML
  [1m[36mUser Load (0.3ms)[0m  [1m[34mSELECT "users".* FROM "users" WHERE "users"."id" = $1 ORDER BY "users"."id" ASC LIMIT $2[0m  [["id", 1], ["LIMIT", 1]]
  Rendering layout layouts/application.html.erb
  Rendering passwords/new.html.erb within layouts/application
  Rendered passwords/_form.html.erb (Duration: 6.9ms | Allocations: 2617)
  Rendered passwords/new.html.erb within layouts/application (Duration: 9.2ms | Allocations: 2941)
  Rendered layout layouts/application.html.erb (Duration: 12.2ms | Allocations: 5270)
Completed 200 OK in 39ms (Views: 12.9ms | ActiveRecord: 2.7ms | Allocations: 14060)


Started POST "/passwords" for 127.0.0.1 at 2023-12-02 17:19:20 +0000
Processing by PasswordsController#create as TURBO_STREAM
  Parameters: {"authenticity_token"=>"[FILTERED]", "password"=>"[FILTERED]", "commit"=>"Create Password"}
  [1m[36mUser Load (0.3ms)[0m  [1m[34mSELECT "users".* FROM "users" WHERE "users"."id" = $1 ORDER BY "users"."id" ASC LIMIT $2[0m  [["id", 1], ["LIMIT", 1]]
  [1m[36mTRANSACTION (0.2ms)[0m  [1m[35mBEGIN[0m
  ↳ app/controllers/passwords_controller.rb:28:in `block in create'
  [1m[36mUser Load (0.3ms)[0m  [1m[34mSELECT "users".* FROM "users" WHERE "users"."id" = $1 LIMIT $2[0m  [["id", 1], ["LIMIT", 1]]
  ↳ app/controllers/passwords_controller.rb:28:in `block in create'
  [1m[36mPassword Create (2.5ms)[0m  [1m[32mINSERT INTO "passwords" ("url", "username", "password", "user_id", "created_at", "updated_at") VALUES ($1, $2, $3, $4, $5, $6) RETURNING "id"[0m  [["url", "http://hh@dd"], ["username", "{\"p\":\"1IPl\",\"h\":{\"iv\":\"3rdbKJ0PV1pjyVPy\",\"at\":\"b953WmcOJwCToyYZCrQeCQ==\"}}"], ["password", "[FILTERED]"], ["user_id", 1], ["created_at", "2023-12-02 17:19:20.279871"], ["updated_at", "2023-12-02 17:19:20.279871"]]
  ↳ app/controllers/passwords_controller.rb:28:in `block in create'
  [1m[36mTRANSACTION (0.6ms)[0m  [1m[35mCOMMIT[0m
  ↳ app/controllers/passwords_controller.rb:28:in `block in create'
Redirected to http://127.0.0.1:3000/passwords/1
Completed 302 Found in 44ms (ActiveRecord: 3.9ms | Allocations: 8896)


Started GET "/passwords/1" for 127.0.0.1 at 2023-12-02 17:19:20 +0000
Processing by PasswordsController#show as TURBO_STREAM
  Parameters: {"id"=>"1"}
  [1m[36mUser Load (0.3ms)[0m  [1m[34mSELECT "users".* FROM "users" WHERE "users"."id" = $1 ORDER BY "users"."id" ASC LIMIT $2[0m  [["id", 1], ["LIMIT", 1]]
  [1m[36mPassword Load (0.2ms)[0m  [1m[34mSELECT "passwords".* FROM "passwords" WHERE "passwords"."id" = $1 LIMIT $2[0m  [["id", 1], ["LIMIT", 1]]
  ↳ app/controllers/passwords_controller.rb:64:in `set_password'
  Rendering layout layouts/application.html.erb
  Rendering passwords/show.html.erb within layouts/application
  Rendered passwords/_password.html.erb (Duration: 1.0ms | Allocations: 377)
  Rendered passwords/show.html.erb within layouts/application (Duration: 6.4ms | Allocations: 1373)
  Rendered layout layouts/application.html.erb (Duration: 8.8ms | Allocations: 3687)
Completed 200 OK in 14ms (Views: 9.1ms | ActiveRecord: 0.5ms | Allocations: 6569)


Started GET "/passwords" for 127.0.0.1 at 2023-12-02 17:19:22 +0000
Processing by PasswordsController#index as HTML
  [1m[36mUser Load (0.3ms)[0m  [1m[34mSELECT "users".* FROM "users" WHERE "users"."id" = $1 ORDER BY "users"."id" ASC LIMIT $2[0m  [["id", 1], ["LIMIT", 1]]
  Rendering layout layouts/application.html.erb
  Rendering passwords/index.html.erb within layouts/application
  [1m[36mPassword Load (0.3ms)[0m  [1m[34mSELECT "passwords".* FROM "passwords"[0m
  ↳ app/views/passwords/index.html.erb:6
  Rendered passwords/_password.html.erb (Duration: 0.3ms | Allocations: 158)
  Rendered passwords/index.html.erb within layouts/application (Duration: 2.2ms | Allocations: 904)
  Rendered layout layouts/application.html.erb (Duration: 6.5ms | Allocations: 3224)
Completed 200 OK in 28ms (Views: 24.9ms | ActiveRecord: 0.6ms | Allocations: 4819)


Started GET "/users/sign_in" for 127.0.0.1 at 2023-12-02 17:23:27 +0000
Processing by Devise::SessionsController#new as HTML
  [1m[36mUser Load (0.4ms)[0m  [1m[34mSELECT "users".* FROM "users" WHERE "users"."id" = $1 ORDER BY "users"."id" ASC LIMIT $2[0m  [["id", 1], ["LIMIT", 1]]
Redirected to http://127.0.0.1:3000/
Filter chain halted as :require_no_authentication rendered or redirected
Completed 302 Found in 23ms (ActiveRecord: 0.4ms | Allocations: 1776)


Started GET "/" for 127.0.0.1 at 2023-12-02 17:23:27 +0000
Processing by PasswordsController#index as HTML
  [1m[36mUser Load (0.3ms)[0m  [1m[34mSELECT "users".* FROM "users" WHERE "users"."id" = $1 ORDER BY "users"."id" ASC LIMIT $2[0m  [["id", 1], ["LIMIT", 1]]
  Rendering layout layouts/application.html.erb
  Rendering passwords/index.html.erb within layouts/application
  [1m[36mPassword Load (0.4ms)[0m  [1m[34mSELECT "passwords".* FROM "passwords"[0m
  ↳ app/views/passwords/index.html.erb:6
  Rendered passwords/_password.html.erb (Duration: 0.3ms | Allocations: 158)
  Rendered passwords/index.html.erb within layouts/application (Duration: 2.0ms | Allocations: 903)
  Rendered layout layouts/application.html.erb (Duration: 5.4ms | Allocations: 3224)
Completed 200 OK in 10ms (Views: 5.7ms | ActiveRecord: 0.6ms | Allocations: 4819)


Started GET "/" for 127.0.0.1 at 2023-12-02 17:26:49 +0000
Processing by PasswordsController#index as HTML
  [1m[36mUser Load (0.2ms)[0m  [1m[34mSELECT "users".* FROM "users" WHERE "users"."id" = $1 ORDER BY "users"."id" ASC LIMIT $2[0m  [["id", 1], ["LIMIT", 1]]
  Rendering layout layouts/application.html.erb
  Rendering passwords/index.html.erb within layouts/application
  [1m[36mPassword Load (0.3ms)[0m  [1m[34mSELECT "passwords".* FROM "passwords" WHERE "passwords"."user_id" = $1[0m  [["user_id", 1]]
  ↳ app/views/passwords/index.html.erb:6
  Rendered passwords/_password.html.erb (Duration: 21.1ms | Allocations: 199)
  Rendered passwords/index.html.erb within layouts/application (Duration: 28.6ms | Allocations: 4437)
  Rendered layout layouts/application.html.erb (Duration: 33.2ms | Allocations: 6866)
Completed 200 OK in 59ms (Views: 31.8ms | ActiveRecord: 5.5ms | Allocations: 15414)


Started GET "/" for 127.0.0.1 at 2023-12-02 17:26:51 +0000
Processing by PasswordsController#index as HTML
  [1m[36mUser Load (0.3ms)[0m  [1m[34mSELECT "users".* FROM "users" WHERE "users"."id" = $1 ORDER BY "users"."id" ASC LIMIT $2[0m  [["id", 1], ["LIMIT", 1]]
  Rendering layout layouts/application.html.erb
  Rendering passwords/index.html.erb within layouts/application
  [1m[36mPassword Load (0.3ms)[0m  [1m[34mSELECT "passwords".* FROM "passwords" WHERE "passwords"."user_id" = $1[0m  [["user_id", 1]]
  ↳ app/views/passwords/index.html.erb:6
  Rendered passwords/_password.html.erb (Duration: 0.4ms | Allocations: 158)
  Rendered passwords/index.html.erb within layouts/application (Duration: 2.3ms | Allocations: 1000)
  Rendered layout layouts/application.html.erb (Duration: 6.1ms | Allocations: 3319)
Completed 200 OK in 10ms (Views: 6.3ms | ActiveRecord: 0.6ms | Allocations: 4948)


Started GET "/passwords/1" for 127.0.0.1 at 2023-12-02 17:26:53 +0000
Processing by PasswordsController#show as HTML
  Parameters: {"id"=>"1"}
  [1m[36mUser Load (0.2ms)[0m  [1m[34mSELECT "users".* FROM "users" WHERE "users"."id" = $1 ORDER BY "users"."id" ASC LIMIT $2[0m  [["id", 1], ["LIMIT", 1]]
  [1m[36mPassword Load (0.3ms)[0m  [1m[34mSELECT "passwords".* FROM "passwords" WHERE "passwords"."user_id" = $1 AND "passwords"."id" = $2 LIMIT $3[0m  [["user_id", 1], ["id", 1], ["LIMIT", 1]]
  ↳ app/controllers/passwords_controller.rb:65:in `set_password'
  [1m[36mCACHE Password Load (0.0ms)[0m  [1m[34mSELECT "passwords".* FROM "passwords" WHERE "passwords"."user_id" = $1 AND "passwords"."id" = $2 LIMIT $3[0m  [["user_id", 1], ["id", 1], ["LIMIT", 1]]
  ↳ app/controllers/passwords_controller.rb:12:in `show'
  Rendering layout layouts/application.html.erb
  Rendering passwords/show.html.erb within layouts/application
  Rendered passwords/_password.html.erb (Duration: 0.2ms | Allocations: 158)
  Rendered passwords/show.html.erb within layouts/application (Duration: 0.9ms | Allocations: 550)
  Rendered layout layouts/application.html.erb (Duration: 3.6ms | Allocations: 2861)
Completed 200 OK in 10ms (Views: 4.1ms | ActiveRecord: 0.5ms | Allocations: 6015)


Started GET "/passwords" for 127.0.0.1 at 2023-12-02 17:26:55 +0000
Processing by PasswordsController#index as HTML
  [1m[36mUser Load (0.2ms)[0m  [1m[34mSELECT "users".* FROM "users" WHERE "users"."id" = $1 ORDER BY "users"."id" ASC LIMIT $2[0m  [["id", 1], ["LIMIT", 1]]
  Rendering layout layouts/application.html.erb
  Rendering passwords/index.html.erb within layouts/application
  [1m[36mPassword Load (0.4ms)[0m  [1m[34mSELECT "passwords".* FROM "passwords" WHERE "passwords"."user_id" = $1[0m  [["user_id", 1]]
  ↳ app/views/passwords/index.html.erb:6
  Rendered passwords/_password.html.erb (Duration: 0.3ms | Allocations: 158)
  Rendered passwords/index.html.erb within layouts/application (Duration: 2.6ms | Allocations: 1000)
  Rendered layout layouts/application.html.erb (Duration: 5.6ms | Allocations: 3319)
Completed 200 OK in 9ms (Views: 6.0ms | ActiveRecord: 0.6ms | Allocations: 4925)


Started GET "/passwords" for 127.0.0.1 at 2023-12-02 17:28:43 +0000
Processing by PasswordsController#index as HTML
  [1m[36mUser Load (0.3ms)[0m  [1m[34mSELECT "users".* FROM "users" WHERE "users"."id" = $1 ORDER BY "users"."id" ASC LIMIT $2[0m  [["id", 1], ["LIMIT", 1]]
  Rendering layout layouts/application.html.erb
  Rendering passwords/index.html.erb within layouts/application
  [1m[36mPassword Load (0.3ms)[0m  [1m[34mSELECT "passwords".* FROM "passwords" WHERE "passwords"."user_id" = $1[0m  [["user_id", 1]]
  ↳ app/views/passwords/index.html.erb:6
  Rendered passwords/_password.html.erb (Duration: 1.7ms | Allocations: 361)
  Rendered passwords/index.html.erb within layouts/application (Duration: 5.3ms | Allocations: 1546)
  Rendered layout layouts/application.html.erb (Duration: 10.0ms | Allocations: 4162)
Completed 200 OK in 18ms (Views: 12.4ms | ActiveRecord: 0.6ms | Allocations: 6373)


Started GET "/passwords" for 127.0.0.1 at 2023-12-02 17:28:44 +0000
Processing by PasswordsController#index as HTML
  [1m[36mUser Load (0.2ms)[0m  [1m[34mSELECT "users".* FROM "users" WHERE "users"."id" = $1 ORDER BY "users"."id" ASC LIMIT $2[0m  [["id", 1], ["LIMIT", 1]]
  Rendering layout layouts/application.html.erb
  Rendering passwords/index.html.erb within layouts/application
  [1m[36mPassword Load (0.3ms)[0m  [1m[34mSELECT "passwords".* FROM "passwords" WHERE "passwords"."user_id" = $1[0m  [["user_id", 1]]
  ↳ app/views/passwords/index.html.erb:6
  Rendered passwords/_password.html.erb (Duration: 0.3ms | Allocations: 158)
  Rendered passwords/index.html.erb within layouts/application (Duration: 2.7ms | Allocations: 1000)
  Rendered layout layouts/application.html.erb (Duration: 7.2ms | Allocations: 3354)
Completed 200 OK in 15ms (Views: 7.4ms | ActiveRecord: 0.5ms | Allocations: 4955)


Started GET "/passwords/new" for 127.0.0.1 at 2023-12-02 17:28:46 +0000
Processing by PasswordsController#new as HTML
  [1m[36mUser Load (0.3ms)[0m  [1m[34mSELECT "users".* FROM "users" WHERE "users"."id" = $1 ORDER BY "users"."id" ASC LIMIT $2[0m  [["id", 1], ["LIMIT", 1]]
  Rendering layout layouts/application.html.erb
  Rendering passwords/new.html.erb within layouts/application
  Rendered passwords/_form.html.erb (Duration: 2.8ms | Allocations: 1445)
  Rendered passwords/new.html.erb within layouts/application (Duration: 4.7ms | Allocations: 1739)
  Rendered layout layouts/application.html.erb (Duration: 7.6ms | Allocations: 4100)
Completed 200 OK in 12ms (Views: 8.1ms | ActiveRecord: 0.3ms | Allocations: 5758)


Started POST "/passwords" for 127.0.0.1 at 2023-12-02 17:28:51 +0000
Processing by PasswordsController#create as TURBO_STREAM
  Parameters: {"authenticity_token"=>"[FILTERED]", "password"=>"[FILTERED]", "commit"=>"Create Password"}
  [1m[36mUser Load (0.2ms)[0m  [1m[34mSELECT "users".* FROM "users" WHERE "users"."id" = $1 ORDER BY "users"."id" ASC LIMIT $2[0m  [["id", 1], ["LIMIT", 1]]
  [1m[36mTRANSACTION (0.2ms)[0m  [1m[35mBEGIN[0m
  ↳ app/controllers/passwords_controller.rb:29:in `block in create'
  [1m[36mPassword Create (0.5ms)[0m  [1m[32mINSERT INTO "passwords" ("url", "username", "password", "user_id", "created_at", "updated_at") VALUES ($1, $2, $3, $4, $5, $6) RETURNING "id"[0m  [["url", "http://hh@dd"], ["username", "{\"p\":\"0RxF\",\"h\":{\"iv\":\"bWzDesYcinbf4FCc\",\"at\":\"vmr3atK2hiB0oWfCznXmgQ==\"}}"], ["password", "[FILTERED]"], ["user_id", 1], ["created_at", "2023-12-02 17:28:51.930224"], ["updated_at", "2023-12-02 17:28:51.930224"]]
  ↳ app/controllers/passwords_controller.rb:29:in `block in create'
  [1m[36mTRANSACTION (0.4ms)[0m  [1m[35mCOMMIT[0m
  ↳ app/controllers/passwords_controller.rb:29:in `block in create'
Redirected to http://127.0.0.1:3000/passwords/2
Completed 302 Found in 9ms (ActiveRecord: 1.3ms | Allocations: 4304)


Started GET "/passwords/2" for 127.0.0.1 at 2023-12-02 17:28:51 +0000
Processing by PasswordsController#show as TURBO_STREAM
  Parameters: {"id"=>"2"}
  [1m[36mUser Load (0.2ms)[0m  [1m[34mSELECT "users".* FROM "users" WHERE "users"."id" = $1 ORDER BY "users"."id" ASC LIMIT $2[0m  [["id", 1], ["LIMIT", 1]]
  [1m[36mPassword Load (0.3ms)[0m  [1m[34mSELECT "passwords".* FROM "passwords" WHERE "passwords"."user_id" = $1 AND "passwords"."id" = $2 LIMIT $3[0m  [["user_id", 1], ["id", 2], ["LIMIT", 1]]
  ↳ app/controllers/passwords_controller.rb:65:in `set_password'
  [1m[36mCACHE Password Load (0.0ms)[0m  [1m[34mSELECT "passwords".* FROM "passwords" WHERE "passwords"."user_id" = $1 AND "passwords"."id" = $2 LIMIT $3[0m  [["user_id", 1], ["id", 2], ["LIMIT", 1]]
  ↳ app/controllers/passwords_controller.rb:12:in `show'
  Rendering layout layouts/application.html.erb
  Rendering passwords/show.html.erb within layouts/application
  Rendered passwords/_password.html.erb (Duration: 0.2ms | Allocations: 158)
  Rendered passwords/show.html.erb within layouts/application (Duration: 1.9ms | Allocations: 779)
  Rendered layout layouts/application.html.erb (Duration: 4.5ms | Allocations: 3091)
Completed 200 OK in 10ms (Views: 5.0ms | ActiveRecord: 0.5ms | Allocations: 6288)


Started GET "/passwords" for 127.0.0.1 at 2023-12-02 17:28:53 +0000
Processing by PasswordsController#index as HTML
  [1m[36mUser Load (0.2ms)[0m  [1m[34mSELECT "users".* FROM "users" WHERE "users"."id" = $1 ORDER BY "users"."id" ASC LIMIT $2[0m  [["id", 1], ["LIMIT", 1]]
  Rendering layout layouts/application.html.erb
  Rendering passwords/index.html.erb within layouts/application
  [1m[36mPassword Load (0.3ms)[0m  [1m[34mSELECT "passwords".* FROM "passwords" WHERE "passwords"."user_id" = $1[0m  [["user_id", 1]]
  ↳ app/views/passwords/index.html.erb:6
  Rendered passwords/_password.html.erb (Duration: 0.3ms | Allocations: 158)
  Rendered passwords/_password.html.erb (Duration: 0.2ms | Allocations: 157)
  Rendered passwords/index.html.erb within layouts/application (Duration: 2.6ms | Allocations: 1279)
  Rendered layout layouts/application.html.erb (Duration: 5.7ms | Allocations: 3598)
Completed 200 OK in 9ms (Views: 5.9ms | ActiveRecord: 0.5ms | Allocations: 5216)


Started GET "/passwords" for 127.0.0.1 at 2023-12-02 17:41:02 +0000
Processing by PasswordsController#index as HTML
  [1m[36mUser Load (0.9ms)[0m  [1m[34mSELECT "users".* FROM "users" WHERE "users"."id" = $1 ORDER BY "users"."id" ASC LIMIT $2[0m  [["id", 1], ["LIMIT", 1]]
  Rendering layout layouts/application.html.erb
  Rendering passwords/index.html.erb within layouts/application
  [1m[36mPassword Load (0.5ms)[0m  [1m[34mSELECT "passwords".* FROM "passwords" WHERE "passwords"."user_id" = $1[0m  [["user_id", 1]]
  ↳ app/views/passwords/index.html.erb:6
  Rendered passwords/_password.html.erb (Duration: 23.9ms | Allocations: 373)
  Rendered passwords/_password.html.erb (Duration: 0.2ms | Allocations: 155)
  Rendered passwords/index.html.erb within layouts/application (Duration: 35.8ms | Allocations: 4863)
  Rendered layout layouts/application.html.erb (Duration: 42.3ms | Allocations: 7529)
Completed 200 OK in 84ms (Views: 43.2ms | ActiveRecord: 13.9ms | Allocations: 17076)


Started GET "/passwords" for 127.0.0.1 at 2023-12-02 17:41:03 +0000
Processing by PasswordsController#index as HTML
  [1m[36mUser Load (0.3ms)[0m  [1m[34mSELECT "users".* FROM "users" WHERE "users"."id" = $1 ORDER BY "users"."id" ASC LIMIT $2[0m  [["id", 1], ["LIMIT", 1]]
  Rendering layout layouts/application.html.erb
  Rendering passwords/index.html.erb within layouts/application
  [1m[36mPassword Load (0.4ms)[0m  [1m[34mSELECT "passwords".* FROM "passwords" WHERE "passwords"."user_id" = $1[0m  [["user_id", 1]]
  ↳ app/views/passwords/index.html.erb:6
  Rendered passwords/_password.html.erb (Duration: 0.2ms | Allocations: 156)
  Rendered passwords/_password.html.erb (Duration: 0.2ms | Allocations: 155)
  Rendered passwords/index.html.erb within layouts/application (Duration: 2.6ms | Allocations: 1275)
  Rendered layout layouts/application.html.erb (Duration: 5.5ms | Allocations: 3628)
Completed 200 OK in 11ms (Views: 5.6ms | ActiveRecord: 0.7ms | Allocations: 5241)


Started GET "/passwords/2" for 127.0.0.1 at 2023-12-02 17:41:07 +0000
Processing by PasswordsController#show as HTML
  Parameters: {"id"=>"2"}
  [1m[36mUser Load (0.3ms)[0m  [1m[34mSELECT "users".* FROM "users" WHERE "users"."id" = $1 ORDER BY "users"."id" ASC LIMIT $2[0m  [["id", 1], ["LIMIT", 1]]
  [1m[36mPassword Load (0.2ms)[0m  [1m[34mSELECT "passwords".* FROM "passwords" WHERE "passwords"."user_id" = $1 AND "passwords"."id" = $2 LIMIT $3[0m  [["user_id", 1], ["id", 2], ["LIMIT", 1]]
  ↳ app/controllers/passwords_controller.rb:65:in `set_password'
  [1m[36mCACHE Password Load (0.0ms)[0m  [1m[34mSELECT "passwords".* FROM "passwords" WHERE "passwords"."user_id" = $1 AND "passwords"."id" = $2 LIMIT $3[0m  [["user_id", 1], ["id", 2], ["LIMIT", 1]]
  ↳ app/controllers/passwords_controller.rb:12:in `show'
  Rendering layout layouts/application.html.erb
  Rendering passwords/show.html.erb within layouts/application
  Rendered passwords/_password.html.erb (Duration: 0.2ms | Allocations: 156)
  Rendered passwords/show.html.erb within layouts/application (Duration: 2.3ms | Allocations: 755)
  Rendered layout layouts/application.html.erb (Duration: 5.3ms | Allocations: 3066)
Completed 200 OK in 12ms (Views: 5.8ms | ActiveRecord: 0.5ms | Allocations: 6244)


Started DELETE "/passwords/2" for 127.0.0.1 at 2023-12-02 17:41:10 +0000
Processing by PasswordsController#destroy as TURBO_STREAM
  Parameters: {"authenticity_token"=>"[FILTERED]", "id"=>"2"}
  [1m[36mUser Load (0.4ms)[0m  [1m[34mSELECT "users".* FROM "users" WHERE "users"."id" = $1 ORDER BY "users"."id" ASC LIMIT $2[0m  [["id", 1], ["LIMIT", 1]]
  [1m[36mPassword Load (0.4ms)[0m  [1m[34mSELECT "passwords".* FROM "passwords" WHERE "passwords"."user_id" = $1 AND "passwords"."id" = $2 LIMIT $3[0m  [["user_id", 1], ["id", 2], ["LIMIT", 1]]
  ↳ app/controllers/passwords_controller.rb:65:in `set_password'
  [1m[36mTRANSACTION (0.1ms)[0m  [1m[35mBEGIN[0m
  ↳ app/controllers/passwords_controller.rb:54:in `destroy'
  [1m[36mPassword Destroy (2.2ms)[0m  [1m[31mDELETE FROM "passwords" WHERE "passwords"."id" = $1[0m  [["id", 2]]
  ↳ app/controllers/passwords_controller.rb:54:in `destroy'
  [1m[36mTRANSACTION (0.8ms)[0m  [1m[35mCOMMIT[0m
  ↳ app/controllers/passwords_controller.rb:54:in `destroy'
Redirected to http://127.0.0.1:3000/passwords
Completed 302 Found in 13ms (ActiveRecord: 3.9ms | Allocations: 4055)


Started GET "/passwords" for 127.0.0.1 at 2023-12-02 17:41:10 +0000
Processing by PasswordsController#index as TURBO_STREAM
  [1m[36mUser Load (0.4ms)[0m  [1m[34mSELECT "users".* FROM "users" WHERE "users"."id" = $1 ORDER BY "users"."id" ASC LIMIT $2[0m  [["id", 1], ["LIMIT", 1]]
  Rendering layout layouts/application.html.erb
  Rendering passwords/index.html.erb within layouts/application
  [1m[36mPassword Load (0.3ms)[0m  [1m[34mSELECT "passwords".* FROM "passwords" WHERE "passwords"."user_id" = $1[0m  [["user_id", 1]]
  ↳ app/views/passwords/index.html.erb:6
  Rendered passwords/_password.html.erb (Duration: 0.2ms | Allocations: 156)
  Rendered passwords/index.html.erb within layouts/application (Duration: 2.2ms | Allocations: 1045)
  Rendered layout layouts/application.html.erb (Duration: 5.3ms | Allocations: 3365)
Completed 200 OK in 9ms (Views: 5.6ms | ActiveRecord: 0.7ms | Allocations: 5054)


Started GET "/passwords" for 127.0.0.1 at 2023-12-02 17:51:32 +0000
Processing by PasswordsController#index as HTML
  [1m[36mUser Load (1.4ms)[0m  [1m[34mSELECT "users".* FROM "users" WHERE "users"."id" = $1 ORDER BY "users"."id" ASC LIMIT $2[0m  [["id", 1], ["LIMIT", 1]]
  Rendering layout layouts/application.html.erb
  Rendering passwords/index.html.erb within layouts/application
  [1m[36mPassword Load (1.2ms)[0m  [1m[34mSELECT "passwords".* FROM "passwords" WHERE "passwords"."user_id" = $1[0m  [["user_id", 1]]
  ↳ app/views/passwords/index.html.erb:6
  Rendered passwords/_password.html.erb (Duration: 1.6ms | Allocations: 338)
  Rendered passwords/index.html.erb within layouts/application (Duration: 37.2ms | Allocations: 1520)
  Rendered shared/_flash.html.erb (Duration: 1.5ms | Allocations: 197)
  Rendered shared/_nav.html.erb (Duration: 3.5ms | Allocations: 546)
  Rendered layout layouts/application.html.erb (Duration: 105.5ms | Allocations: 5121)
Completed 200 OK in 154ms (Views: 125.3ms | ActiveRecord: 16.2ms | Allocations: 10209)


Started DELETE "/users/sign_out" for 127.0.0.1 at 2023-12-02 17:51:36 +0000
Processing by Devise::SessionsController#destroy as TURBO_STREAM
  Parameters: {"authenticity_token"=>"[FILTERED]"}
  [1m[36mUser Load (0.2ms)[0m  [1m[34mSELECT "users".* FROM "users" WHERE "users"."id" = $1 ORDER BY "users"."id" ASC LIMIT $2[0m  [["id", 1], ["LIMIT", 1]]
Redirected to http://127.0.0.1:3000/
Completed 303 See Other in 12ms (ActiveRecord: 0.2ms | Allocations: 2774)


Started GET "/" for 127.0.0.1 at 2023-12-02 17:51:36 +0000
Processing by PasswordsController#index as TURBO_STREAM
Completed 401 Unauthorized in 1ms (ActiveRecord: 0.0ms | Allocations: 342)


Started GET "/users/sign_in" for 127.0.0.1 at 2023-12-02 17:51:36 +0000
Processing by Devise::SessionsController#new as TURBO_STREAM
  Rendering layout layouts/application.html.erb
  Rendering devise/sessions/new.html.erb within layouts/application
  Rendered devise/shared/_links.html.erb (Duration: 1.9ms | Allocations: 662)
  Rendered devise/sessions/new.html.erb within layouts/application (Duration: 9.0ms | Allocations: 2725)
  Rendered shared/_flash.html.erb (Duration: 0.1ms | Allocations: 31)
  Rendered shared/_nav.html.erb (Duration: 0.3ms | Allocations: 115)
  Rendered layout layouts/application.html.erb (Duration: 15.5ms | Allocations: 5379)
Completed 200 OK in 19ms (Views: 17.1ms | ActiveRecord: 0.0ms | Allocations: 6643)


Started POST "/users/sign_in" for 127.0.0.1 at 2023-12-02 17:51:38 +0000
Processing by Devise::SessionsController#create as TURBO_STREAM
  Parameters: {"authenticity_token"=>"[FILTERED]", "user"=>{"email"=>"", "password"=>"[FILTERED]", "remember_me"=>"0"}, "commit"=>"Log in"}
Completed 401 Unauthorized in 1ms (ActiveRecord: 0.0ms | Allocations: 362)


Processing by Devise::SessionsController#new as TURBO_STREAM
  Parameters: {"authenticity_token"=>"[FILTERED]", "user"=>{"email"=>"", "password"=>"[FILTERED]", "remember_me"=>"0"}, "commit"=>"Log in"}
  Rendering layout layouts/application.html.erb
  Rendering devise/sessions/new.html.erb within layouts/application
  Rendered devise/shared/_links.html.erb (Duration: 0.4ms | Allocations: 132)
  Rendered devise/sessions/new.html.erb within layouts/application (Duration: 3.2ms | Allocations: 1213)
  Rendered shared/_flash.html.erb (Duration: 0.1ms | Allocations: 18)
  Rendered shared/_nav.html.erb (Duration: 0.2ms | Allocations: 84)
  Rendered layout layouts/application.html.erb (Duration: 8.4ms | Allocations: 3773)
Completed 200 OK in 9ms (Views: 8.8ms | ActiveRecord: 0.0ms | Allocations: 4248)


Started GET "/users/sign_up" for 127.0.0.1 at 2023-12-02 17:51:41 +0000
Processing by Devise::RegistrationsController#new as HTML
  Rendering layout layouts/application.html.erb
  Rendering devise/registrations/new.html.erb within layouts/application
  Rendered devise/shared/_error_messages.html.erb (Duration: 1.0ms | Allocations: 231)
  Rendered devise/shared/_links.html.erb (Duration: 0.4ms | Allocations: 155)
  Rendered devise/registrations/new.html.erb within layouts/application (Duration: 5.2ms | Allocations: 2081)
  Rendered shared/_flash.html.erb (Duration: 0.1ms | Allocations: 27)
  Rendered shared/_nav.html.erb (Duration: 0.3ms | Allocations: 119)
  Rendered layout layouts/application.html.erb (Duration: 8.4ms | Allocations: 4743)
Completed 200 OK in 10ms (Views: 9.8ms | ActiveRecord: 0.0ms | Allocations: 5760)


Started POST "/users" for 127.0.0.1 at 2023-12-02 17:51:53 +0000
Processing by Devise::RegistrationsController#create as TURBO_STREAM
  Parameters: {"authenticity_token"=>"[FILTERED]", "user"=>{"email"=>"test@mail.com", "password"=>"[FILTERED]", "password_confirmation"=>"[FILTERED]"}, "commit"=>"Sign up"}
  [1m[36mTRANSACTION (0.1ms)[0m  [1m[35mBEGIN[0m
  [1m[36mUser Exists? (0.6ms)[0m  [1m[34mSELECT 1 AS one FROM "users" WHERE "users"."email" = $1 LIMIT $2[0m  [["email", "test@mail.com"], ["LIMIT", 1]]
  [1m[36mUser Create (0.5ms)[0m  [1m[32mINSERT INTO "users" ("email", "encrypted_password", "reset_password_token", "reset_password_sent_at", "remember_created_at", "created_at", "updated_at") VALUES ($1, $2, $3, $4, $5, $6, $7) RETURNING "id"[0m  [["email", "test@mail.com"], ["encrypted_password", "[FILTERED]"], ["reset_password_token", "[FILTERED]"], ["reset_password_sent_at", "[FILTERED]"], ["remember_created_at", nil], ["created_at", "2023-12-02 17:51:54.247583"], ["updated_at", "2023-12-02 17:51:54.247583"]]
  [1m[36mTRANSACTION (1.2ms)[0m  [1m[35mCOMMIT[0m
Redirected to http://127.0.0.1:3000/
Completed 303 See Other in 307ms (ActiveRecord: 2.4ms | Allocations: 7728)


Started GET "/" for 127.0.0.1 at 2023-12-02 17:51:54 +0000
Processing by PasswordsController#index as TURBO_STREAM
  [1m[36mUser Load (0.8ms)[0m  [1m[34mSELECT "users".* FROM "users" WHERE "users"."id" = $1 ORDER BY "users"."id" ASC LIMIT $2[0m  [["id", 2], ["LIMIT", 1]]
  Rendering layout layouts/application.html.erb
  Rendering passwords/index.html.erb within layouts/application
  [1m[36mPassword Load (0.3ms)[0m  [1m[34mSELECT "passwords".* FROM "passwords" WHERE "passwords"."user_id" = $1[0m  [["user_id", 2]]
  ↳ app/views/passwords/index.html.erb:6
  Rendered passwords/index.html.erb within layouts/application (Duration: 1.7ms | Allocations: 721)
  Rendered shared/_flash.html.erb (Duration: 0.0ms | Allocations: 19)
  Rendered shared/_nav.html.erb (Duration: 0.3ms | Allocations: 244)
  Rendered layout layouts/application.html.erb (Duration: 5.1ms | Allocations: 3461)
Completed 200 OK in 9ms (Views: 5.3ms | ActiveRecord: 1.2ms | Allocations: 5126)


Started GET "/" for 127.0.0.1 at 2023-12-02 17:51:59 +0000
Processing by PasswordsController#index as HTML
  [1m[36mUser Load (0.3ms)[0m  [1m[34mSELECT "users".* FROM "users" WHERE "users"."id" = $1 ORDER BY "users"."id" ASC LIMIT $2[0m  [["id", 2], ["LIMIT", 1]]
  Rendering layout layouts/application.html.erb
  Rendering passwords/index.html.erb within layouts/application
  [1m[36mPassword Load (0.5ms)[0m  [1m[34mSELECT "passwords".* FROM "passwords" WHERE "passwords"."user_id" = $1[0m  [["user_id", 2]]
  ↳ app/views/passwords/index.html.erb:6
  Rendered passwords/index.html.erb within layouts/application (Duration: 2.1ms | Allocations: 720)
  Rendered shared/_flash.html.erb (Duration: 0.1ms | Allocations: 15)
  Rendered shared/_nav.html.erb (Duration: 0.3ms | Allocations: 244)
  Rendered layout layouts/application.html.erb (Duration: 5.8ms | Allocations: 3410)
Completed 200 OK in 9ms (Views: 5.7ms | ActiveRecord: 0.9ms | Allocations: 5034)


Started GET "/users/edit" for 127.0.0.1 at 2023-12-02 17:52:00 +0000
Processing by Devise::RegistrationsController#edit as HTML
  [1m[36mUser Load (0.4ms)[0m  [1m[34mSELECT "users".* FROM "users" WHERE "users"."id" = $1 ORDER BY "users"."id" ASC LIMIT $2[0m  [["id", 2], ["LIMIT", 1]]
  Rendering layout layouts/application.html.erb
  Rendering devise/registrations/edit.html.erb within layouts/application
  Rendered devise/shared/_error_messages.html.erb (Duration: 0.0ms | Allocations: 14)
  Rendered devise/registrations/edit.html.erb within layouts/application (Duration: 4.6ms | Allocations: 2197)
  Rendered shared/_flash.html.erb (Duration: 0.1ms | Allocations: 22)
  Rendered shared/_nav.html.erb (Duration: 0.5ms | Allocations: 249)
  Rendered layout layouts/application.html.erb (Duration: 8.2ms | Allocations: 4899)
Completed 200 OK in 12ms (Views: 9.0ms | ActiveRecord: 0.4ms | Allocations: 6572)


Started GET "/" for 127.0.0.1 at 2023-12-02 17:52:01 +0000
Processing by PasswordsController#index as HTML
  [1m[36mUser Load (0.3ms)[0m  [1m[34mSELECT "users".* FROM "users" WHERE "users"."id" = $1 ORDER BY "users"."id" ASC LIMIT $2[0m  [["id", 2], ["LIMIT", 1]]
  Rendering layout layouts/application.html.erb
  Rendering passwords/index.html.erb within layouts/application
  [1m[36mPassword Load (1.0ms)[0m  [1m[34mSELECT "passwords".* FROM "passwords" WHERE "passwords"."user_id" = $1[0m  [["user_id", 2]]
  ↳ app/views/passwords/index.html.erb:6
  Rendered passwords/index.html.erb within layouts/application (Duration: 3.3ms | Allocations: 720)
  Rendered shared/_flash.html.erb (Duration: 0.0ms | Allocations: 15)
  Rendered shared/_nav.html.erb (Duration: 0.3ms | Allocations: 244)
  Rendered layout layouts/application.html.erb (Duration: 8.4ms | Allocations: 3410)
Completed 200 OK in 12ms (Views: 7.9ms | ActiveRecord: 1.3ms | Allocations: 5016)


Started GET "/passwords/new" for 127.0.0.1 at 2023-12-02 17:52:02 +0000
Processing by PasswordsController#new as HTML
  [1m[36mUser Load (0.3ms)[0m  [1m[34mSELECT "users".* FROM "users" WHERE "users"."id" = $1 ORDER BY "users"."id" ASC LIMIT $2[0m  [["id", 2], ["LIMIT", 1]]
  Rendering layout layouts/application.html.erb
  Rendering passwords/new.html.erb within layouts/application
  Rendered passwords/_form.html.erb (Duration: 7.5ms | Allocations: 1442)
  Rendered passwords/new.html.erb within layouts/application (Duration: 9.4ms | Allocations: 1733)
  Rendered shared/_flash.html.erb (Duration: 0.1ms | Allocations: 22)
  Rendered shared/_nav.html.erb (Duration: 0.3ms | Allocations: 253)
  Rendered layout layouts/application.html.erb (Duration: 13.6ms | Allocations: 4474)
Completed 200 OK in 18ms (Views: 14.1ms | ActiveRecord: 0.3ms | Allocations: 6135)


Started POST "/passwords" for 127.0.0.1 at 2023-12-02 17:52:06 +0000
Processing by PasswordsController#create as TURBO_STREAM
  Parameters: {"authenticity_token"=>"[FILTERED]", "password"=>"[FILTERED]", "commit"=>"Create Password"}
  [1m[36mUser Load (0.3ms)[0m  [1m[34mSELECT "users".* FROM "users" WHERE "users"."id" = $1 ORDER BY "users"."id" ASC LIMIT $2[0m  [["id", 2], ["LIMIT", 1]]
  [1m[36mTRANSACTION (0.2ms)[0m  [1m[35mBEGIN[0m
  ↳ app/controllers/passwords_controller.rb:29:in `block in create'
  [1m[36mPassword Create (1.3ms)[0m  [1m[32mINSERT INTO "passwords" ("url", "username", "password", "user_id", "created_at", "updated_at") VALUES ($1, $2, $3, $4, $5, $6) RETURNING "id"[0m  [["url", "hh"], ["username", "{\"p\":\"0RxF\",\"h\":{\"iv\":\"bWzDesYcinbf4FCc\",\"at\":\"vmr3atK2hiB0oWfCznXmgQ==\"}}"], ["password", "[FILTERED]"], ["user_id", 2], ["created_at", "2023-12-02 17:52:06.060855"], ["updated_at", "2023-12-02 17:52:06.060855"]]
  ↳ app/controllers/passwords_controller.rb:29:in `block in create'
  [1m[36mTRANSACTION (0.4ms)[0m  [1m[35mCOMMIT[0m
  ↳ app/controllers/passwords_controller.rb:29:in `block in create'
Redirected to http://127.0.0.1:3000/passwords/3
Completed 302 Found in 13ms (ActiveRecord: 2.3ms | Allocations: 4269)


Started GET "/passwords/3" for 127.0.0.1 at 2023-12-02 17:52:06 +0000
Processing by PasswordsController#show as TURBO_STREAM
  Parameters: {"id"=>"3"}
  [1m[36mUser Load (0.3ms)[0m  [1m[34mSELECT "users".* FROM "users" WHERE "users"."id" = $1 ORDER BY "users"."id" ASC LIMIT $2[0m  [["id", 2], ["LIMIT", 1]]
  [1m[36mPassword Load (0.3ms)[0m  [1m[34mSELECT "passwords".* FROM "passwords" WHERE "passwords"."user_id" = $1 AND "passwords"."id" = $2 LIMIT $3[0m  [["user_id", 2], ["id", 3], ["LIMIT", 1]]
  ↳ app/controllers/passwords_controller.rb:65:in `set_password'
  [1m[36mCACHE Password Load (0.0ms)[0m  [1m[34mSELECT "passwords".* FROM "passwords" WHERE "passwords"."user_id" = $1 AND "passwords"."id" = $2 LIMIT $3[0m  [["user_id", 2], ["id", 3], ["LIMIT", 1]]
  ↳ app/controllers/passwords_controller.rb:12:in `show'
  Rendering layout layouts/application.html.erb
  Rendering passwords/show.html.erb within layouts/application
  Rendered passwords/_password.html.erb (Duration: 0.3ms | Allocations: 156)
  Rendered passwords/show.html.erb within layouts/application (Duration: 2.8ms | Allocations: 750)
  Rendered shared/_flash.html.erb (Duration: 0.0ms | Allocations: 18)
  Rendered shared/_nav.html.erb (Duration: 0.2ms | Allocations: 244)
  Rendered layout layouts/application.html.erb (Duration: 5.7ms | Allocations: 3470)
Completed 200 OK in 13ms (Views: 6.1ms | ActiveRecord: 0.6ms | Allocations: 6626)


Started GET "/passwords" for 127.0.0.1 at 2023-12-02 17:52:08 +0000
Processing by PasswordsController#index as HTML
  [1m[36mUser Load (0.2ms)[0m  [1m[34mSELECT "users".* FROM "users" WHERE "users"."id" = $1 ORDER BY "users"."id" ASC LIMIT $2[0m  [["id", 2], ["LIMIT", 1]]
  Rendering layout layouts/application.html.erb
  Rendering passwords/index.html.erb within layouts/application
  [1m[36mPassword Load (0.3ms)[0m  [1m[34mSELECT "passwords".* FROM "passwords" WHERE "passwords"."user_id" = $1[0m  [["user_id", 2]]
  ↳ app/views/passwords/index.html.erb:6
  Rendered passwords/_password.html.erb (Duration: 0.2ms | Allocations: 156)
  Rendered passwords/index.html.erb within layouts/application (Duration: 2.1ms | Allocations: 998)
  Rendered shared/_flash.html.erb (Duration: 0.0ms | Allocations: 14)
  Rendered shared/_nav.html.erb (Duration: 0.3ms | Allocations: 244)
  Rendered layout layouts/application.html.erb (Duration: 5.5ms | Allocations: 3687)
Completed 200 OK in 9ms (Views: 5.5ms | ActiveRecord: 0.5ms | Allocations: 5308)


Started DELETE "/users/sign_out" for 127.0.0.1 at 2023-12-02 17:52:10 +0000
Processing by Devise::SessionsController#destroy as TURBO_STREAM
  Parameters: {"authenticity_token"=>"[FILTERED]"}
  [1m[36mUser Load (0.2ms)[0m  [1m[34mSELECT "users".* FROM "users" WHERE "users"."id" = $1 ORDER BY "users"."id" ASC LIMIT $2[0m  [["id", 2], ["LIMIT", 1]]
Redirected to http://127.0.0.1:3000/
Completed 303 See Other in 4ms (ActiveRecord: 0.2ms | Allocations: 1755)


Started GET "/" for 127.0.0.1 at 2023-12-02 17:52:10 +0000
Processing by PasswordsController#index as TURBO_STREAM
Completed 401 Unauthorized in 0ms (ActiveRecord: 0.0ms | Allocations: 256)


Started GET "/users/sign_in" for 127.0.0.1 at 2023-12-02 17:52:10 +0000
Processing by Devise::SessionsController#new as TURBO_STREAM
  Rendering layout layouts/application.html.erb
  Rendering devise/sessions/new.html.erb within layouts/application
  Rendered devise/shared/_links.html.erb (Duration: 0.2ms | Allocations: 132)
  Rendered devise/sessions/new.html.erb within layouts/application (Duration: 1.6ms | Allocations: 1216)
  Rendered shared/_flash.html.erb (Duration: 0.1ms | Allocations: 26)
  Rendered shared/_nav.html.erb (Duration: 0.2ms | Allocations: 101)
  Rendered layout layouts/application.html.erb (Duration: 4.5ms | Allocations: 3766)
Completed 200 OK in 6ms (Views: 4.8ms | ActiveRecord: 0.0ms | Allocations: 4355)


Started POST "/users/sign_in" for 127.0.0.1 at 2023-12-02 17:53:45 +0000
Processing by Devise::SessionsController#create as TURBO_STREAM
  Parameters: {"authenticity_token"=>"[FILTERED]", "user"=>{"email"=>"veselinyurievkaramfilov@gmail.com", "password"=>"[FILTERED]", "remember_me"=>"0"}, "commit"=>"Log in"}
  [1m[36mUser Load (0.3ms)[0m  [1m[34mSELECT "users".* FROM "users" WHERE "users"."email" = $1 ORDER BY "users"."id" ASC LIMIT $2[0m  [["email", "veselinyurievkaramfilov@gmail.com"], ["LIMIT", 1]]
Redirected to http://127.0.0.1:3000/
Completed 303 See Other in 293ms (ActiveRecord: 0.3ms | Allocations: 5774)


Started GET "/" for 127.0.0.1 at 2023-12-02 17:53:45 +0000
Processing by PasswordsController#index as TURBO_STREAM
  [1m[36mUser Load (0.3ms)[0m  [1m[34mSELECT "users".* FROM "users" WHERE "users"."id" = $1 ORDER BY "users"."id" ASC LIMIT $2[0m  [["id", 1], ["LIMIT", 1]]
  Rendering layout layouts/application.html.erb
  Rendering passwords/index.html.erb within layouts/application
  [1m[36mPassword Load (0.3ms)[0m  [1m[34mSELECT "passwords".* FROM "passwords" WHERE "passwords"."user_id" = $1[0m  [["user_id", 1]]
  ↳ app/views/passwords/index.html.erb:6
  Rendered passwords/_password.html.erb (Duration: 0.2ms | Allocations: 156)
  Rendered passwords/index.html.erb within layouts/application (Duration: 2.2ms | Allocations: 1002)
  Rendered shared/_flash.html.erb (Duration: 0.1ms | Allocations: 18)
  Rendered shared/_nav.html.erb (Duration: 0.4ms | Allocations: 244)
  Rendered layout layouts/application.html.erb (Duration: 5.7ms | Allocations: 3700)
Completed 200 OK in 9ms (Views: 5.7ms | ActiveRecord: 0.6ms | Allocations: 5315)


Started GET "/" for 127.0.0.1 at 2023-12-02 17:53:50 +0000
Processing by PasswordsController#index as HTML
  [1m[36mUser Load (0.2ms)[0m  [1m[34mSELECT "users".* FROM "users" WHERE "users"."id" = $1 ORDER BY "users"."id" ASC LIMIT $2[0m  [["id", 1], ["LIMIT", 1]]
  Rendering layout layouts/application.html.erb
  Rendering passwords/index.html.erb within layouts/application
  [1m[36mPassword Load (0.3ms)[0m  [1m[34mSELECT "passwords".* FROM "passwords" WHERE "passwords"."user_id" = $1[0m  [["user_id", 1]]
  ↳ app/views/passwords/index.html.erb:6
  Rendered passwords/_password.html.erb (Duration: 0.3ms | Allocations: 156)
  Rendered passwords/index.html.erb within layouts/application (Duration: 3.1ms | Allocations: 998)
  Rendered shared/_flash.html.erb (Duration: 0.0ms | Allocations: 14)
  Rendered shared/_nav.html.erb (Duration: 0.3ms | Allocations: 244)
  Rendered layout layouts/application.html.erb (Duration: 7.6ms | Allocations: 3722)
Completed 200 OK in 14ms (Views: 7.8ms | ActiveRecord: 0.5ms | Allocations: 5327)


Started GET "/users/edit" for 127.0.0.1 at 2023-12-02 17:53:51 +0000
Processing by Devise::RegistrationsController#edit as HTML
  [1m[36mUser Load (0.3ms)[0m  [1m[34mSELECT "users".* FROM "users" WHERE "users"."id" = $1 ORDER BY "users"."id" ASC LIMIT $2[0m  [["id", 1], ["LIMIT", 1]]
  Rendering layout layouts/application.html.erb
  Rendering devise/registrations/edit.html.erb within layouts/application
  Rendered devise/shared/_error_messages.html.erb (Duration: 0.1ms | Allocations: 14)
  Rendered devise/registrations/edit.html.erb within layouts/application (Duration: 4.2ms | Allocations: 1652)
  Rendered shared/_flash.html.erb (Duration: 0.1ms | Allocations: 22)
  Rendered shared/_nav.html.erb (Duration: 0.6ms | Allocations: 244)
  Rendered layout layouts/application.html.erb (Duration: 7.8ms | Allocations: 4383)
Completed 200 OK in 12ms (Views: 8.3ms | ActiveRecord: 0.3ms | Allocations: 5999)


Started GET "/" for 127.0.0.1 at 2023-12-02 17:53:53 +0000
Processing by PasswordsController#index as HTML
  [1m[36mUser Load (0.3ms)[0m  [1m[34mSELECT "users".* FROM "users" WHERE "users"."id" = $1 ORDER BY "users"."id" ASC LIMIT $2[0m  [["id", 1], ["LIMIT", 1]]
  Rendering layout layouts/application.html.erb
  Rendering passwords/index.html.erb within layouts/application
  [1m[36mPassword Load (0.5ms)[0m  [1m[34mSELECT "passwords".* FROM "passwords" WHERE "passwords"."user_id" = $1[0m  [["user_id", 1]]
  ↳ app/views/passwords/index.html.erb:6
  Rendered passwords/_password.html.erb (Duration: 0.2ms | Allocations: 156)
  Rendered passwords/index.html.erb within layouts/application (Duration: 2.9ms | Allocations: 998)
  Rendered shared/_flash.html.erb (Duration: 0.1ms | Allocations: 14)
  Rendered shared/_nav.html.erb (Duration: 0.3ms | Allocations: 244)
  Rendered layout layouts/application.html.erb (Duration: 7.2ms | Allocations: 3688)
Completed 200 OK in 11ms (Views: 7.3ms | ActiveRecord: 0.7ms | Allocations: 5300)


Started GET "/passwords/new" for 127.0.0.1 at 2023-12-02 17:53:55 +0000
Processing by PasswordsController#new as HTML
  [1m[36mUser Load (0.2ms)[0m  [1m[34mSELECT "users".* FROM "users" WHERE "users"."id" = $1 ORDER BY "users"."id" ASC LIMIT $2[0m  [["id", 1], ["LIMIT", 1]]
  Rendering layout layouts/application.html.erb
  Rendering passwords/new.html.erb within layouts/application
  Rendered passwords/_form.html.erb (Duration: 1.4ms | Allocations: 1016)
  Rendered passwords/new.html.erb within layouts/application (Duration: 1.6ms | Allocations: 1105)
  Rendered shared/_flash.html.erb (Duration: 0.1ms | Allocations: 22)
  Rendered shared/_nav.html.erb (Duration: 0.3ms | Allocations: 253)
  Rendered layout layouts/application.html.erb (Duration: 5.6ms | Allocations: 3811)
Completed 200 OK in 10ms (Views: 6.1ms | ActiveRecord: 0.2ms | Allocations: 5401)


Started POST "/passwords" for 127.0.0.1 at 2023-12-02 17:54:00 +0000
Processing by PasswordsController#create as TURBO_STREAM
  Parameters: {"authenticity_token"=>"[FILTERED]", "password"=>"[FILTERED]", "commit"=>"Create Password"}
  [1m[36mUser Load (0.4ms)[0m  [1m[34mSELECT "users".* FROM "users" WHERE "users"."id" = $1 ORDER BY "users"."id" ASC LIMIT $2[0m  [["id", 1], ["LIMIT", 1]]
  [1m[36mTRANSACTION (0.2ms)[0m  [1m[35mBEGIN[0m
  ↳ app/controllers/passwords_controller.rb:29:in `block in create'
  [1m[36mPassword Create (0.5ms)[0m  [1m[32mINSERT INTO "passwords" ("url", "username", "password", "user_id", "created_at", "updated_at") VALUES ($1, $2, $3, $4, $5, $6) RETURNING "id"[0m  [["url", "http://hh@dd.com"], ["username", "{\"p\":\"Ag0O\",\"h\":{\"iv\":\"VJyYOLP52+20Z9q7\",\"at\":\"ilQfur09bgM+bOtKXdgVAQ==\"}}"], ["password", "[FILTERED]"], ["user_id", 1], ["created_at", "2023-12-02 17:54:00.049128"], ["updated_at", "2023-12-02 17:54:00.049128"]]
  ↳ app/controllers/passwords_controller.rb:29:in `block in create'
  [1m[36mTRANSACTION (0.4ms)[0m  [1m[35mCOMMIT[0m
  ↳ app/controllers/passwords_controller.rb:29:in `block in create'
Redirected to http://127.0.0.1:3000/passwords/4
Completed 302 Found in 9ms (ActiveRecord: 1.5ms | Allocations: 4092)


Started GET "/passwords/4" for 127.0.0.1 at 2023-12-02 17:54:00 +0000
Processing by PasswordsController#show as TURBO_STREAM
  Parameters: {"id"=>"4"}
  [1m[36mUser Load (0.2ms)[0m  [1m[34mSELECT "users".* FROM "users" WHERE "users"."id" = $1 ORDER BY "users"."id" ASC LIMIT $2[0m  [["id", 1], ["LIMIT", 1]]
  [1m[36mPassword Load (0.2ms)[0m  [1m[34mSELECT "passwords".* FROM "passwords" WHERE "passwords"."user_id" = $1 AND "passwords"."id" = $2 LIMIT $3[0m  [["user_id", 1], ["id", 4], ["LIMIT", 1]]
  ↳ app/controllers/passwords_controller.rb:65:in `set_password'
  [1m[36mCACHE Password Load (0.0ms)[0m  [1m[34mSELECT "passwords".* FROM "passwords" WHERE "passwords"."user_id" = $1 AND "passwords"."id" = $2 LIMIT $3[0m  [["user_id", 1], ["id", 4], ["LIMIT", 1]]
  ↳ app/controllers/passwords_controller.rb:12:in `show'
  Rendering layout layouts/application.html.erb
  Rendering passwords/show.html.erb within layouts/application
  Rendered passwords/_password.html.erb (Duration: 0.2ms | Allocations: 157)
  Rendered passwords/show.html.erb within layouts/application (Duration: 0.9ms | Allocations: 554)
  Rendered shared/_flash.html.erb (Duration: 0.0ms | Allocations: 18)
  Rendered shared/_nav.html.erb (Duration: 0.3ms | Allocations: 244)
  Rendered layout layouts/application.html.erb (Duration: 3.7ms | Allocations: 3239)
Completed 200 OK in 9ms (Views: 4.1ms | ActiveRecord: 0.5ms | Allocations: 6310)


Started GET "/passwords" for 127.0.0.1 at 2023-12-02 17:54:01 +0000
Processing by PasswordsController#index as HTML
  [1m[36mUser Load (0.2ms)[0m  [1m[34mSELECT "users".* FROM "users" WHERE "users"."id" = $1 ORDER BY "users"."id" ASC LIMIT $2[0m  [["id", 1], ["LIMIT", 1]]
  Rendering layout layouts/application.html.erb
  Rendering passwords/index.html.erb within layouts/application
  [1m[36mPassword Load (0.2ms)[0m  [1m[34mSELECT "passwords".* FROM "passwords" WHERE "passwords"."user_id" = $1[0m  [["user_id", 1]]
  ↳ app/views/passwords/index.html.erb:6
  Rendered passwords/_password.html.erb (Duration: 0.3ms | Allocations: 156)
  Rendered passwords/_password.html.erb (Duration: 0.2ms | Allocations: 156)
  Rendered passwords/index.html.erb within layouts/application (Duration: 2.8ms | Allocations: 1276)
  Rendered shared/_flash.html.erb (Duration: 0.0ms | Allocations: 14)
  Rendered shared/_nav.html.erb (Duration: 0.3ms | Allocations: 244)
  Rendered layout layouts/application.html.erb (Duration: 6.4ms | Allocations: 3965)
Completed 200 OK in 10ms (Views: 6.5ms | ActiveRecord: 0.4ms | Allocations: 5586)


Started GET "/passwords" for 127.0.0.1 at 2023-12-02 17:58:26 +0000
  [1m[36mActiveRecord::SchemaMigration Pluck (1.1ms)[0m  [1m[34mSELECT "schema_migrations"."version" FROM "schema_migrations" ORDER BY "schema_migrations"."version" ASC[0m
Processing by PasswordsController#index as HTML
  [1m[36mUser Load (0.5ms)[0m  [1m[34mSELECT "users".* FROM "users" WHERE "users"."id" = $1 ORDER BY "users"."id" ASC LIMIT $2[0m  [["id", 1], ["LIMIT", 1]]
  Rendering layout layouts/application.html.erb
  Rendering passwords/index.html.erb within layouts/application
  [1m[36mPassword Load (0.5ms)[0m  [1m[34mSELECT "passwords".* FROM "passwords" WHERE "passwords"."user_id" = $1[0m  [["user_id", 1]]
  ↳ app/views/passwords/index.html.erb:6
  Rendered passwords/_password.html.erb (Duration: 23.6ms | Allocations: 565)
  Rendered passwords/_password.html.erb (Duration: 0.2ms | Allocations: 156)
  Rendered passwords/index.html.erb within layouts/application (Duration: 46.9ms | Allocations: 8663)
  Rendered shared/_flash.html.erb (Duration: 2.1ms | Allocations: 198)
  Rendered shared/_nav.html.erb (Duration: 2.5ms | Allocations: 568)
  Rendered layout layouts/application.html.erb (Duration: 155.2ms | Allocations: 31355)
Completed 200 OK in 210ms (Views: 156.4ms | ActiveRecord: 8.1ms | Allocations: 47632)


Started DELETE "/users/sign_out" for 127.0.0.1 at 2023-12-02 17:58:29 +0000
Processing by Devise::SessionsController#destroy as TURBO_STREAM
  Parameters: {"authenticity_token"=>"[FILTERED]"}
  [1m[36mUser Load (0.2ms)[0m  [1m[34mSELECT "users".* FROM "users" WHERE "users"."id" = $1 ORDER BY "users"."id" ASC LIMIT $2[0m  [["id", 1], ["LIMIT", 1]]
Redirected to http://127.0.0.1:3000/
Completed 303 See Other in 7ms (ActiveRecord: 0.2ms | Allocations: 3072)


Started GET "/" for 127.0.0.1 at 2023-12-02 17:58:29 +0000
Processing by PasswordsController#index as TURBO_STREAM
Completed 401 Unauthorized in 2ms (ActiveRecord: 0.0ms | Allocations: 323)


Started GET "/users/sign_in" for 127.0.0.1 at 2023-12-02 17:58:29 +0000
Processing by Devise::SessionsController#new as TURBO_STREAM
  Rendering layout layouts/application.html.erb
  Rendering devise/sessions/new.html.erb within layouts/application
  Rendered devise/shared/_links.html.erb (Duration: 2.1ms | Allocations: 658)
  Rendered devise/sessions/new.html.erb within layouts/application (Duration: 12.7ms | Allocations: 3150)
  Rendered shared/_flash.html.erb (Duration: 0.1ms | Allocations: 31)
  Rendered shared/_nav.html.erb (Duration: 0.2ms | Allocations: 115)
  Rendered layout layouts/application.html.erb (Duration: 28.5ms | Allocations: 5789)
Completed 200 OK in 33ms (Views: 30.6ms | ActiveRecord: 0.0ms | Allocations: 7081)


  [1m[35m (7.6ms)[0m  [1m[35mCREATE DATABASE "simplepasswordmanager_development" ENCODING = 'unicode'[0m
  [1m[35m (0.6ms)[0m  [1m[35mCREATE DATABASE "simplepasswordmanager_test" ENCODING = 'unicode'[0m
  [1m[35m (0.1ms)[0m  [1m[34mSELECT pg_try_advisory_lock(8391560978737391280)[0m
  [1m[36mActiveRecord::SchemaMigration Pluck (0.7ms)[0m  [1m[34mSELECT "schema_migrations"."version" FROM "schema_migrations" ORDER BY "schema_migrations"."version" ASC[0m
  [1m[36mActiveRecord::InternalMetadata Load (0.4ms)[0m  [1m[34mSELECT "ar_internal_metadata".* FROM "ar_internal_metadata" WHERE "ar_internal_metadata"."key" = $1 LIMIT $2[0m  [["key", "environment"], ["LIMIT", 1]]
  [1m[35m (0.4ms)[0m  [1m[34mSELECT pg_advisory_unlock(8391560978737391280)[0m
  [1m[36mActiveRecord::SchemaMigration Pluck (0.5ms)[0m  [1m[34mSELECT "schema_migrations"."version" FROM "schema_migrations" ORDER BY "schema_migrations"."version" ASC[0m
  [1m[35m (0.7ms)[0m  [1m[34mSELECT pg_try_advisory_lock(8391560978737391280)[0m
  [1m[36mActiveRecord::SchemaMigration Pluck (3.4ms)[0m  [1m[34mSELECT "schema_migrations"."version" FROM "schema_migrations" ORDER BY "schema_migrations"."version" ASC[0m
  [1m[36mActiveRecord::InternalMetadata Load (1.2ms)[0m  [1m[34mSELECT "ar_internal_metadata".* FROM "ar_internal_metadata" WHERE "ar_internal_metadata"."key" = $1 LIMIT $2[0m  [["key", "environment"], ["LIMIT", 1]]
  [1m[35m (0.2ms)[0m  [1m[34mSELECT pg_advisory_unlock(8391560978737391280)[0m
  [1m[36mActiveRecord::SchemaMigration Pluck (0.5ms)[0m  [1m[34mSELECT "schema_migrations"."version" FROM "schema_migrations" ORDER BY "schema_migrations"."version" ASC[0m
Started GET "/" for 127.0.0.1 at 2023-12-05 12:51:12 +0000
  [1m[36mActiveRecord::SchemaMigration Pluck (0.8ms)[0m  [1m[34mSELECT "schema_migrations"."version" FROM "schema_migrations" ORDER BY "schema_migrations"."version" ASC[0m
Processing by PasswordsController#index as HTML
Completed 401 Unauthorized in 8ms (ActiveRecord: 0.0ms | Allocations: 2559)


Started GET "/users/sign_in" for 127.0.0.1 at 2023-12-05 12:51:12 +0000
Processing by Devise::SessionsController#new as HTML
  Rendering layout layouts/application.html.erb
  Rendering devise/sessions/new.html.erb within layouts/application
  Rendered devise/shared/_links.html.erb (Duration: 1.7ms | Allocations: 684)
  Rendered devise/sessions/new.html.erb within layouts/application (Duration: 12.3ms | Allocations: 3522)
  Rendered shared/_flash.html.erb (Duration: 3.7ms | Allocations: 215)
  Rendered shared/_nav.html.erb (Duration: 4.2ms | Allocations: 408)
  Rendered layout layouts/application.html.erb (Duration: 155.0ms | Allocations: 26292)
Completed 200 OK in 179ms (Views: 164.3ms | ActiveRecord: 4.4ms | Allocations: 34379)


Started POST "/users/sign_in" for 127.0.0.1 at 2023-12-05 12:51:18 +0000
Processing by Devise::SessionsController#create as TURBO_STREAM
  Parameters: {"authenticity_token"=>"[FILTERED]", "user"=>{"email"=>"veselinyurievkaramfilov@gmail.com", "password"=>"[FILTERED]", "remember_me"=>"0"}, "commit"=>"Log in"}
  [1m[36mUser Load (4.6ms)[0m  [1m[34mSELECT "users".* FROM "users" WHERE "users"."email" = $1 ORDER BY "users"."id" ASC LIMIT $2[0m  [["email", "veselinyurievkaramfilov@gmail.com"], ["LIMIT", 1]]
Redirected to http://0.0.0.0:3000/
Completed 303 See Other in 293ms (ActiveRecord: 4.9ms | Allocations: 5496)


Started GET "/" for 127.0.0.1 at 2023-12-05 12:51:19 +0000
Processing by PasswordsController#index as TURBO_STREAM
  [1m[36mUser Load (0.6ms)[0m  [1m[34mSELECT "users".* FROM "users" WHERE "users"."id" = $1 ORDER BY "users"."id" ASC LIMIT $2[0m  [["id", 1], ["LIMIT", 1]]
  Rendering layout layouts/application.html.erb
  Rendering passwords/index.html.erb within layouts/application
  [1m[36mPassword Load (4.7ms)[0m  [1m[34mSELECT "passwords".* FROM "passwords" WHERE "passwords"."user_id" = $1[0m  [["user_id", 1]]
  ↳ app/views/passwords/index.html.erb:6
  Rendered passwords/_password.html.erb (Duration: 1.2ms | Allocations: 229)
  Rendered passwords/_password.html.erb (Duration: 0.1ms | Allocations: 20)
  Rendered passwords/index.html.erb within layouts/application (Duration: 25.3ms | Allocations: 7400)
  Rendered shared/_flash.html.erb (Duration: 0.1ms | Allocations: 21)
  Rendered shared/_nav.html.erb (Duration: 0.3ms | Allocations: 271)
  Rendered layout layouts/application.html.erb (Duration: 28.9ms | Allocations: 10206)
Completed 200 OK in 46ms (Views: 23.5ms | ActiveRecord: 7.5ms | Allocations: 14764)


Started GET "/passwords/6" for 127.0.0.1 at 2023-12-05 12:51:22 +0000
Processing by PasswordsController#show as HTML
  Parameters: {"id"=>"6"}
  [1m[36mUser Load (0.3ms)[0m  [1m[34mSELECT "users".* FROM "users" WHERE "users"."id" = $1 ORDER BY "users"."id" ASC LIMIT $2[0m  [["id", 1], ["LIMIT", 1]]
  [1m[36mPassword Load (0.9ms)[0m  [1m[34mSELECT "passwords".* FROM "passwords" WHERE "passwords"."user_id" = $1 AND "passwords"."id" = $2 LIMIT $3[0m  [["user_id", 1], ["id", 6], ["LIMIT", 1]]
  ↳ app/controllers/passwords_controller.rb:65:in `set_password'
  [1m[36mCACHE Password Load (0.0ms)[0m  [1m[34mSELECT "passwords".* FROM "passwords" WHERE "passwords"."user_id" = $1 AND "passwords"."id" = $2 LIMIT $3[0m  [["user_id", 1], ["id", 6], ["LIMIT", 1]]
  ↳ app/controllers/passwords_controller.rb:12:in `show'
  Rendering layout layouts/application.html.erb
  Rendering passwords/show.html.erb within layouts/application
  Rendered passwords/_password.html.erb (Duration: 0.1ms | Allocations: 21)
  Rendered passwords/show.html.erb within layouts/application (Duration: 1.7ms | Allocations: 622)
  Rendered shared/_flash.html.erb (Duration: 0.0ms | Allocations: 14)
  Rendered shared/_nav.html.erb (Duration: 0.2ms | Allocations: 244)
  Rendered layout layouts/application.html.erb (Duration: 5.4ms | Allocations: 3357)
Completed 200 OK in 13ms (Views: 5.8ms | ActiveRecord: 1.2ms | Allocations: 6618)


Started GET "/passwords" for 127.0.0.1 at 2023-12-05 12:51:24 +0000
Processing by PasswordsController#index as HTML
  [1m[36mUser Load (0.5ms)[0m  [1m[34mSELECT "users".* FROM "users" WHERE "users"."id" = $1 ORDER BY "users"."id" ASC LIMIT $2[0m  [["id", 1], ["LIMIT", 1]]
  Rendering layout layouts/application.html.erb
  Rendering passwords/index.html.erb within layouts/application
  [1m[36mPassword Load (0.3ms)[0m  [1m[34mSELECT "passwords".* FROM "passwords" WHERE "passwords"."user_id" = $1[0m  [["user_id", 1]]
  ↳ app/views/passwords/index.html.erb:6
  Rendered passwords/_password.html.erb (Duration: 0.1ms | Allocations: 21)
  Rendered passwords/_password.html.erb (Duration: 0.1ms | Allocations: 20)
  Rendered passwords/index.html.erb within layouts/application (Duration: 2.6ms | Allocations: 1005)
  Rendered shared/_flash.html.erb (Duration: 0.1ms | Allocations: 14)
  Rendered shared/_nav.html.erb (Duration: 0.4ms | Allocations: 244)
  Rendered layout layouts/application.html.erb (Duration: 7.5ms | Allocations: 3699)
Completed 200 OK in 12ms (Views: 7.6ms | ActiveRecord: 0.8ms | Allocations: 5306)


Started GET "/" for 127.0.0.1 at 2023-12-05 19:08:05 +0000
  [1m[36mActiveRecord::SchemaMigration Pluck (1.4ms)[0m  [1m[34mSELECT "schema_migrations"."version" FROM "schema_migrations" ORDER BY "schema_migrations"."version" ASC[0m
Processing by PasswordsController#index as HTML
  [1m[36mUser Load (0.6ms)[0m  [1m[34mSELECT "users".* FROM "users" WHERE "users"."id" = $1 ORDER BY "users"."id" ASC LIMIT $2[0m  [["id", 1], ["LIMIT", 1]]
  Rendering layout layouts/application.html.erb
  Rendering passwords/index.html.erb within layouts/application
  [1m[36mPassword Load (0.6ms)[0m  [1m[34mSELECT "passwords".* FROM "passwords" WHERE "passwords"."user_id" = $1[0m  [["user_id", 1]]
  ↳ app/views/passwords/index.html.erb:6
  Rendered passwords/_password.html.erb (Duration: 1.0ms | Allocations: 246)
  Rendered passwords/_password.html.erb (Duration: 0.1ms | Allocations: 20)
  Rendered passwords/index.html.erb within layouts/application (Duration: 21.9ms | Allocations: 7738)
  Rendered shared/_flash.html.erb (Duration: 1.5ms | Allocations: 198)
  Rendered shared/_nav.html.erb (Duration: 2.8ms | Allocations: 568)
  Rendered layout layouts/application.html.erb (Duration: 116.0ms | Allocations: 29418)
Completed 200 OK in 172ms (Views: 119.8ms | ActiveRecord: 7.5ms | Allocations: 45436)


Started DELETE "/users/sign_out" for 127.0.0.1 at 2023-12-05 19:08:07 +0000
Processing by Devise::SessionsController#destroy as TURBO_STREAM
  Parameters: {"authenticity_token"=>"[FILTERED]"}
  [1m[36mUser Load (0.2ms)[0m  [1m[34mSELECT "users".* FROM "users" WHERE "users"."id" = $1 ORDER BY "users"."id" ASC LIMIT $2[0m  [["id", 1], ["LIMIT", 1]]
Redirected to http://0.0.0.0:3000/
Completed 303 See Other in 8ms (ActiveRecord: 0.2ms | Allocations: 3083)


Started GET "/" for 127.0.0.1 at 2023-12-05 19:08:07 +0000
Processing by PasswordsController#index as TURBO_STREAM
Completed 401 Unauthorized in 1ms (ActiveRecord: 0.0ms | Allocations: 362)


Started GET "/users/sign_in" for 127.0.0.1 at 2023-12-05 19:08:07 +0000
Processing by Devise::SessionsController#new as TURBO_STREAM
  Rendering layout layouts/application.html.erb
  Rendering devise/sessions/new.html.erb within layouts/application
  Rendered devise/shared/_links.html.erb (Duration: 1.8ms | Allocations: 658)
  Rendered devise/sessions/new.html.erb within layouts/application (Duration: 9.6ms | Allocations: 3150)
  Rendered shared/_flash.html.erb (Duration: 0.1ms | Allocations: 31)
  Rendered shared/_nav.html.erb (Duration: 0.2ms | Allocations: 115)
  Rendered layout layouts/application.html.erb (Duration: 13.3ms | Allocations: 5781)
Completed 200 OK in 18ms (Views: 16.0ms | ActiveRecord: 0.0ms | Allocations: 7084)


Started POST "/users/sign_in" for 127.0.0.1 at 2023-12-05 19:08:13 +0000
Processing by Devise::SessionsController#create as TURBO_STREAM
  Parameters: {"authenticity_token"=>"[FILTERED]", "user"=>{"email"=>"veselinyurievkaramfilov@gmail.com", "password"=>"[FILTERED]", "remember_me"=>"0"}, "commit"=>"Log in"}
  [1m[36mUser Load (0.3ms)[0m  [1m[34mSELECT "users".* FROM "users" WHERE "users"."email" = $1 ORDER BY "users"."id" ASC LIMIT $2[0m  [["email", "veselinyurievkaramfilov@gmail.com"], ["LIMIT", 1]]
Redirected to http://0.0.0.0:3000/
Completed 303 See Other in 297ms (ActiveRecord: 0.3ms | Allocations: 3682)


Started GET "/" for 127.0.0.1 at 2023-12-05 19:08:13 +0000
Processing by PasswordsController#index as TURBO_STREAM
  [1m[36mUser Load (0.3ms)[0m  [1m[34mSELECT "users".* FROM "users" WHERE "users"."id" = $1 ORDER BY "users"."id" ASC LIMIT $2[0m  [["id", 1], ["LIMIT", 1]]
  Rendering layout layouts/application.html.erb
  Rendering passwords/index.html.erb within layouts/application
  [1m[36mPassword Load (0.4ms)[0m  [1m[34mSELECT "passwords".* FROM "passwords" WHERE "passwords"."user_id" = $1[0m  [["user_id", 1]]
  ↳ app/views/passwords/index.html.erb:6
  Rendered passwords/_password.html.erb (Duration: 0.1ms | Allocations: 21)
  Rendered passwords/_password.html.erb (Duration: 0.1ms | Allocations: 20)
  Rendered passwords/index.html.erb within layouts/application (Duration: 2.8ms | Allocations: 1053)
  Rendered shared/_flash.html.erb (Duration: 0.1ms | Allocations: 18)
  Rendered shared/_nav.html.erb (Duration: 0.3ms | Allocations: 244)
  Rendered layout layouts/application.html.erb (Duration: 7.1ms | Allocations: 3805)
Completed 200 OK in 11ms (Views: 7.2ms | ActiveRecord: 0.7ms | Allocations: 5455)


Started GET "/passwords/6" for 127.0.0.1 at 2023-12-05 19:08:14 +0000
Processing by PasswordsController#show as HTML
  Parameters: {"id"=>"6"}
  [1m[36mUser Load (0.3ms)[0m  [1m[34mSELECT "users".* FROM "users" WHERE "users"."id" = $1 ORDER BY "users"."id" ASC LIMIT $2[0m  [["id", 1], ["LIMIT", 1]]
  [1m[36mPassword Load (0.3ms)[0m  [1m[34mSELECT "passwords".* FROM "passwords" WHERE "passwords"."user_id" = $1 AND "passwords"."id" = $2 LIMIT $3[0m  [["user_id", 1], ["id", 6], ["LIMIT", 1]]
  ↳ app/controllers/passwords_controller.rb:65:in `set_password'
  [1m[36mCACHE Password Load (0.0ms)[0m  [1m[34mSELECT "passwords".* FROM "passwords" WHERE "passwords"."user_id" = $1 AND "passwords"."id" = $2 LIMIT $3[0m  [["user_id", 1], ["id", 6], ["LIMIT", 1]]
  ↳ app/controllers/passwords_controller.rb:12:in `show'
  Rendering layout layouts/application.html.erb
  Rendering passwords/show.html.erb within layouts/application
  Rendered passwords/_password.html.erb (Duration: 0.1ms | Allocations: 21)
  Rendered passwords/show.html.erb within layouts/application (Duration: 2.2ms | Allocations: 621)
  Rendered shared/_flash.html.erb (Duration: 0.0ms | Allocations: 14)
  Rendered shared/_nav.html.erb (Duration: 0.3ms | Allocations: 244)
  Rendered layout layouts/application.html.erb (Duration: 5.4ms | Allocations: 3307)
Completed 200 OK in 13ms (Views: 5.8ms | ActiveRecord: 0.6ms | Allocations: 6565)


Started DELETE "/passwords/6" for 127.0.0.1 at 2023-12-05 19:08:18 +0000
Processing by PasswordsController#destroy as TURBO_STREAM
  Parameters: {"authenticity_token"=>"[FILTERED]", "id"=>"6"}
  [1m[36mUser Load (0.3ms)[0m  [1m[34mSELECT "users".* FROM "users" WHERE "users"."id" = $1 ORDER BY "users"."id" ASC LIMIT $2[0m  [["id", 1], ["LIMIT", 1]]
  [1m[36mPassword Load (0.3ms)[0m  [1m[34mSELECT "passwords".* FROM "passwords" WHERE "passwords"."user_id" = $1 AND "passwords"."id" = $2 LIMIT $3[0m  [["user_id", 1], ["id", 6], ["LIMIT", 1]]
  ↳ app/controllers/passwords_controller.rb:65:in `set_password'
  [1m[36mTRANSACTION (0.1ms)[0m  [1m[35mBEGIN[0m
  ↳ app/controllers/passwords_controller.rb:54:in `destroy'
  [1m[36mPassword Destroy (5.1ms)[0m  [1m[31mDELETE FROM "passwords" WHERE "passwords"."id" = $1[0m  [["id", 6]]
  ↳ app/controllers/passwords_controller.rb:54:in `destroy'
  [1m[36mTRANSACTION (1.0ms)[0m  [1m[35mCOMMIT[0m
  ↳ app/controllers/passwords_controller.rb:54:in `destroy'
Redirected to http://0.0.0.0:3000/passwords
Completed 302 Found in 15ms (ActiveRecord: 6.8ms | Allocations: 4085)


Started GET "/passwords" for 127.0.0.1 at 2023-12-05 19:08:18 +0000
Processing by PasswordsController#index as TURBO_STREAM
  [1m[36mUser Load (0.2ms)[0m  [1m[34mSELECT "users".* FROM "users" WHERE "users"."id" = $1 ORDER BY "users"."id" ASC LIMIT $2[0m  [["id", 1], ["LIMIT", 1]]
  Rendering layout layouts/application.html.erb
  Rendering passwords/index.html.erb within layouts/application
  [1m[36mPassword Load (0.3ms)[0m  [1m[34mSELECT "passwords".* FROM "passwords" WHERE "passwords"."user_id" = $1[0m  [["user_id", 1]]
  ↳ app/views/passwords/index.html.erb:6
  Rendered passwords/_password.html.erb (Duration: 0.1ms | Allocations: 21)
  Rendered passwords/index.html.erb within layouts/application (Duration: 1.8ms | Allocations: 867)
  Rendered shared/_flash.html.erb (Duration: 0.0ms | Allocations: 18)
  Rendered shared/_nav.html.erb (Duration: 0.3ms | Allocations: 244)
  Rendered layout layouts/application.html.erb (Duration: 5.3ms | Allocations: 3564)
Completed 200 OK in 9ms (Views: 5.4ms | ActiveRecord: 0.5ms | Allocations: 5213)


Started GET "/passwords/9" for 127.0.0.1 at 2023-12-05 19:08:20 +0000
Processing by PasswordsController#show as HTML
  Parameters: {"id"=>"9"}
  [1m[36mUser Load (0.3ms)[0m  [1m[34mSELECT "users".* FROM "users" WHERE "users"."id" = $1 ORDER BY "users"."id" ASC LIMIT $2[0m  [["id", 1], ["LIMIT", 1]]
  [1m[36mPassword Load (0.4ms)[0m  [1m[34mSELECT "passwords".* FROM "passwords" WHERE "passwords"."user_id" = $1 AND "passwords"."id" = $2 LIMIT $3[0m  [["user_id", 1], ["id", 9], ["LIMIT", 1]]
  ↳ app/controllers/passwords_controller.rb:65:in `set_password'
  [1m[36mCACHE Password Load (0.0ms)[0m  [1m[34mSELECT "passwords".* FROM "passwords" WHERE "passwords"."user_id" = $1 AND "passwords"."id" = $2 LIMIT $3[0m  [["user_id", 1], ["id", 9], ["LIMIT", 1]]
  ↳ app/controllers/passwords_controller.rb:12:in `show'
  Rendering layout layouts/application.html.erb
  Rendering passwords/show.html.erb within layouts/application
  Rendered passwords/_password.html.erb (Duration: 0.1ms | Allocations: 21)
  Rendered passwords/show.html.erb within layouts/application (Duration: 0.7ms | Allocations: 414)
  Rendered shared/_flash.html.erb (Duration: 0.1ms | Allocations: 14)
  Rendered shared/_nav.html.erb (Duration: 0.4ms | Allocations: 244)
  Rendered layout layouts/application.html.erb (Duration: 4.4ms | Allocations: 3100)
Completed 200 OK in 12ms (Views: 4.8ms | ActiveRecord: 0.7ms | Allocations: 6160)


Started DELETE "/passwords/9" for 127.0.0.1 at 2023-12-05 19:08:23 +0000
Processing by PasswordsController#destroy as TURBO_STREAM
  Parameters: {"authenticity_token"=>"[FILTERED]", "id"=>"9"}
  [1m[36mUser Load (0.2ms)[0m  [1m[34mSELECT "users".* FROM "users" WHERE "users"."id" = $1 ORDER BY "users"."id" ASC LIMIT $2[0m  [["id", 1], ["LIMIT", 1]]
  [1m[36mPassword Load (0.2ms)[0m  [1m[34mSELECT "passwords".* FROM "passwords" WHERE "passwords"."user_id" = $1 AND "passwords"."id" = $2 LIMIT $3[0m  [["user_id", 1], ["id", 9], ["LIMIT", 1]]
  ↳ app/controllers/passwords_controller.rb:65:in `set_password'
  [1m[36mTRANSACTION (0.1ms)[0m  [1m[35mBEGIN[0m
  ↳ app/controllers/passwords_controller.rb:54:in `destroy'
  [1m[36mPassword Destroy (0.3ms)[0m  [1m[31mDELETE FROM "passwords" WHERE "passwords"."id" = $1[0m  [["id", 9]]
  ↳ app/controllers/passwords_controller.rb:54:in `destroy'
  [1m[36mTRANSACTION (0.7ms)[0m  [1m[35mCOMMIT[0m
  ↳ app/controllers/passwords_controller.rb:54:in `destroy'
Redirected to http://0.0.0.0:3000/passwords
Completed 302 Found in 10ms (ActiveRecord: 1.6ms | Allocations: 3923)


Started GET "/passwords" for 127.0.0.1 at 2023-12-05 19:08:23 +0000
Processing by PasswordsController#index as TURBO_STREAM
  [1m[36mUser Load (0.4ms)[0m  [1m[34mSELECT "users".* FROM "users" WHERE "users"."id" = $1 ORDER BY "users"."id" ASC LIMIT $2[0m  [["id", 1], ["LIMIT", 1]]
  Rendering layout layouts/application.html.erb
  Rendering passwords/index.html.erb within layouts/application
  [1m[36mPassword Load (0.2ms)[0m  [1m[34mSELECT "passwords".* FROM "passwords" WHERE "passwords"."user_id" = $1[0m  [["user_id", 1]]
  ↳ app/views/passwords/index.html.erb:6
  Rendered passwords/index.html.erb within layouts/application (Duration: 1.5ms | Allocations: 721)
  Rendered shared/_flash.html.erb (Duration: 0.1ms | Allocations: 19)
  Rendered shared/_nav.html.erb (Duration: 0.3ms | Allocations: 244)
  Rendered layout layouts/application.html.erb (Duration: 8.4ms | Allocations: 3457)
Completed 200 OK in 12ms (Views: 8.6ms | ActiveRecord: 0.6ms | Allocations: 5135)


Started GET "/passwords/new" for 127.0.0.1 at 2023-12-05 19:08:24 +0000
Processing by PasswordsController#new as HTML
  [1m[36mUser Load (0.2ms)[0m  [1m[34mSELECT "users".* FROM "users" WHERE "users"."id" = $1 ORDER BY "users"."id" ASC LIMIT $2[0m  [["id", 1], ["LIMIT", 1]]
  Rendering layout layouts/application.html.erb
  Rendering passwords/new.html.erb within layouts/application
  Rendered passwords/_form.html.erb (Duration: 3.3ms | Allocations: 1627)
  Rendered passwords/new.html.erb within layouts/application (Duration: 4.8ms | Allocations: 1926)
  Rendered shared/_flash.html.erb (Duration: 0.1ms | Allocations: 22)
  Rendered shared/_nav.html.erb (Duration: 0.3ms | Allocations: 253)
  Rendered layout layouts/application.html.erb (Duration: 9.2ms | Allocations: 4670)
Completed 200 OK in 13ms (Views: 9.6ms | ActiveRecord: 0.2ms | Allocations: 6360)


Started POST "/passwords" for 127.0.0.1 at 2023-12-05 19:08:33 +0000
Processing by PasswordsController#create as TURBO_STREAM
  Parameters: {"authenticity_token"=>"[FILTERED]", "password"=>"[FILTERED]", "commit"=>"Create Password"}
  [1m[36mUser Load (0.2ms)[0m  [1m[34mSELECT "users".* FROM "users" WHERE "users"."id" = $1 ORDER BY "users"."id" ASC LIMIT $2[0m  [["id", 1], ["LIMIT", 1]]
  [1m[36mTRANSACTION (0.2ms)[0m  [1m[35mBEGIN[0m
  ↳ app/controllers/passwords_controller.rb:29:in `block in create'
  [1m[36mPassword Create (5.7ms)[0m  [1m[32mINSERT INTO "passwords" ("url", "username", "password", "user_id", "created_at", "updated_at") VALUES ($1, $2, $3, $4, $5, $6) RETURNING "id"[0m  [["url", "twitter.com"], ["username", "veselin"], ["password", "[FILTERED]"], ["user_id", 1], ["created_at", "2023-12-05 19:08:33.953983"], ["updated_at", "2023-12-05 19:08:33.953983"]]
  ↳ app/controllers/passwords_controller.rb:29:in `block in create'
  [1m[36mTRANSACTION (0.4ms)[0m  [1m[35mCOMMIT[0m
  ↳ app/controllers/passwords_controller.rb:29:in `block in create'
Redirected to http://0.0.0.0:3000/passwords/11
Completed 302 Found in 14ms (ActiveRecord: 6.5ms | Allocations: 4602)


Started GET "/passwords/11" for 127.0.0.1 at 2023-12-05 19:08:33 +0000
Processing by PasswordsController#show as TURBO_STREAM
  Parameters: {"id"=>"11"}
  [1m[36mUser Load (0.2ms)[0m  [1m[34mSELECT "users".* FROM "users" WHERE "users"."id" = $1 ORDER BY "users"."id" ASC LIMIT $2[0m  [["id", 1], ["LIMIT", 1]]
  [1m[36mPassword Load (0.4ms)[0m  [1m[34mSELECT "passwords".* FROM "passwords" WHERE "passwords"."user_id" = $1 AND "passwords"."id" = $2 LIMIT $3[0m  [["user_id", 1], ["id", 11], ["LIMIT", 1]]
  ↳ app/controllers/passwords_controller.rb:65:in `set_password'
  [1m[36mCACHE Password Load (0.0ms)[0m  [1m[34mSELECT "passwords".* FROM "passwords" WHERE "passwords"."user_id" = $1 AND "passwords"."id" = $2 LIMIT $3[0m  [["user_id", 1], ["id", 11], ["LIMIT", 1]]
  ↳ app/controllers/passwords_controller.rb:12:in `show'
  Rendering layout layouts/application.html.erb
  Rendering passwords/show.html.erb within layouts/application
  Rendered passwords/_password.html.erb (Duration: 0.0ms | Allocations: 21)
  Rendered passwords/show.html.erb within layouts/application (Duration: 0.6ms | Allocations: 418)
  Rendered shared/_flash.html.erb (Duration: 0.0ms | Allocations: 18)
  Rendered shared/_nav.html.erb (Duration: 0.2ms | Allocations: 244)
  Rendered layout layouts/application.html.erb (Duration: 3.4ms | Allocations: 3107)
Completed 200 OK in 9ms (Views: 3.7ms | ActiveRecord: 0.6ms | Allocations: 6187)


Started GET "/passwords" for 127.0.0.1 at 2023-12-05 19:08:37 +0000
Processing by PasswordsController#index as HTML
  [1m[36mUser Load (0.2ms)[0m  [1m[34mSELECT "users".* FROM "users" WHERE "users"."id" = $1 ORDER BY "users"."id" ASC LIMIT $2[0m  [["id", 1], ["LIMIT", 1]]
  Rendering layout layouts/application.html.erb
  Rendering passwords/index.html.erb within layouts/application
  [1m[36mPassword Load (0.3ms)[0m  [1m[34mSELECT "passwords".* FROM "passwords" WHERE "passwords"."user_id" = $1[0m  [["user_id", 1]]
  ↳ app/views/passwords/index.html.erb:6
  Rendered passwords/_password.html.erb (Duration: 0.1ms | Allocations: 21)
  Rendered passwords/index.html.erb within layouts/application (Duration: 2.4ms | Allocations: 863)
  Rendered shared/_flash.html.erb (Duration: 0.1ms | Allocations: 14)
  Rendered shared/_nav.html.erb (Duration: 0.3ms | Allocations: 244)
  Rendered layout layouts/application.html.erb (Duration: 6.0ms | Allocations: 3556)
Completed 200 OK in 9ms (Views: 6.1ms | ActiveRecord: 0.5ms | Allocations: 5171)


Started GET "/passwords/new" for 127.0.0.1 at 2023-12-05 19:08:38 +0000
Processing by PasswordsController#new as HTML
  [1m[36mUser Load (0.3ms)[0m  [1m[34mSELECT "users".* FROM "users" WHERE "users"."id" = $1 ORDER BY "users"."id" ASC LIMIT $2[0m  [["id", 1], ["LIMIT", 1]]
  Rendering layout layouts/application.html.erb
  Rendering passwords/new.html.erb within layouts/application
  Rendered passwords/_form.html.erb (Duration: 1.4ms | Allocations: 1014)
  Rendered passwords/new.html.erb within layouts/application (Duration: 1.7ms | Allocations: 1103)
  Rendered shared/_flash.html.erb (Duration: 0.1ms | Allocations: 22)
  Rendered shared/_nav.html.erb (Duration: 0.3ms | Allocations: 253)
  Rendered layout layouts/application.html.erb (Duration: 5.6ms | Allocations: 3813)
Completed 200 OK in 9ms (Views: 6.1ms | ActiveRecord: 0.3ms | Allocations: 5427)


Started POST "/passwords" for 127.0.0.1 at 2023-12-05 19:08:57 +0000
Processing by PasswordsController#create as TURBO_STREAM
  Parameters: {"authenticity_token"=>"[FILTERED]", "password"=>"[FILTERED]", "commit"=>"Create Password"}
  [1m[36mUser Load (0.2ms)[0m  [1m[34mSELECT "users".* FROM "users" WHERE "users"."id" = $1 ORDER BY "users"."id" ASC LIMIT $2[0m  [["id", 1], ["LIMIT", 1]]
  [1m[36mTRANSACTION (0.2ms)[0m  [1m[35mBEGIN[0m
  ↳ app/controllers/passwords_controller.rb:29:in `block in create'
  [1m[36mPassword Create (0.5ms)[0m  [1m[32mINSERT INTO "passwords" ("url", "username", "password", "user_id", "created_at", "updated_at") VALUES ($1, $2, $3, $4, $5, $6) RETURNING "id"[0m  [["url", "facebook.com"], ["username", "admin"], ["password", "[FILTERED]"], ["user_id", 1], ["created_at", "2023-12-05 19:08:57.260920"], ["updated_at", "2023-12-05 19:08:57.260920"]]
  ↳ app/controllers/passwords_controller.rb:29:in `block in create'
  [1m[36mTRANSACTION (0.5ms)[0m  [1m[35mCOMMIT[0m
  ↳ app/controllers/passwords_controller.rb:29:in `block in create'
Redirected to http://0.0.0.0:3000/passwords/12
Completed 302 Found in 8ms (ActiveRecord: 1.4ms | Allocations: 3647)


Started GET "/passwords/12" for 127.0.0.1 at 2023-12-05 19:08:57 +0000
Processing by PasswordsController#show as TURBO_STREAM
  Parameters: {"id"=>"12"}
  [1m[36mUser Load (0.1ms)[0m  [1m[34mSELECT "users".* FROM "users" WHERE "users"."id" = $1 ORDER BY "users"."id" ASC LIMIT $2[0m  [["id", 1], ["LIMIT", 1]]
  [1m[36mPassword Load (0.5ms)[0m  [1m[34mSELECT "passwords".* FROM "passwords" WHERE "passwords"."user_id" = $1 AND "passwords"."id" = $2 LIMIT $3[0m  [["user_id", 1], ["id", 12], ["LIMIT", 1]]
  ↳ app/controllers/passwords_controller.rb:65:in `set_password'
  [1m[36mCACHE Password Load (0.0ms)[0m  [1m[34mSELECT "passwords".* FROM "passwords" WHERE "passwords"."user_id" = $1 AND "passwords"."id" = $2 LIMIT $3[0m  [["user_id", 1], ["id", 12], ["LIMIT", 1]]
  ↳ app/controllers/passwords_controller.rb:12:in `show'
  Rendering layout layouts/application.html.erb
  Rendering passwords/show.html.erb within layouts/application
  Rendered passwords/_password.html.erb (Duration: 0.1ms | Allocations: 21)
  Rendered passwords/show.html.erb within layouts/application (Duration: 0.8ms | Allocations: 418)
  Rendered shared/_flash.html.erb (Duration: 0.0ms | Allocations: 18)
  Rendered shared/_nav.html.erb (Duration: 0.3ms | Allocations: 244)
  Rendered layout layouts/application.html.erb (Duration: 3.8ms | Allocations: 3108)
Completed 200 OK in 10ms (Views: 4.1ms | ActiveRecord: 0.6ms | Allocations: 6176)


Started GET "/passwords" for 127.0.0.1 at 2023-12-05 19:08:58 +0000
Processing by PasswordsController#index as HTML
  [1m[36mUser Load (0.2ms)[0m  [1m[34mSELECT "users".* FROM "users" WHERE "users"."id" = $1 ORDER BY "users"."id" ASC LIMIT $2[0m  [["id", 1], ["LIMIT", 1]]
  Rendering layout layouts/application.html.erb
  Rendering passwords/index.html.erb within layouts/application
  [1m[36mPassword Load (0.3ms)[0m  [1m[34mSELECT "passwords".* FROM "passwords" WHERE "passwords"."user_id" = $1[0m  [["user_id", 1]]
  ↳ app/views/passwords/index.html.erb:6
  Rendered passwords/_password.html.erb (Duration: 0.1ms | Allocations: 21)
  Rendered passwords/_password.html.erb (Duration: 0.0ms | Allocations: 20)
  Rendered passwords/index.html.erb within layouts/application (Duration: 2.2ms | Allocations: 1005)
  Rendered shared/_flash.html.erb (Duration: 0.0ms | Allocations: 14)
  Rendered shared/_nav.html.erb (Duration: 0.3ms | Allocations: 244)
  Rendered layout layouts/application.html.erb (Duration: 5.9ms | Allocations: 3747)
Completed 200 OK in 12ms (Views: 5.9ms | ActiveRecord: 0.5ms | Allocations: 5376)


